Using pre-set license
Built from '2021.3/staging' branch; Version is '2021.3.16f1 (4016570cf34f) revision 4200023'; Using compiler version '192829333'; Build Type 'Release'
OS: 'Windows 11  (10.0.22631) 64bit Core' Language: 'en' Physical Memory: 16085 MB
BatchMode: 1, IsHumanControllingUs: 0, StartBugReporterOnCrash: 0, Is64bit: 1, IsPro: 1

COMMAND LINE ARGUMENTS:
C:\Program Files\Unity\Hub\Editor\2021.3.16f1\Editor\Unity.exe
-adb2
-batchMode
-noUpm
-name
AssetImportWorker0
-projectPath
C:/Users/kingm/Unity Projects/AnimLab4P1
-logFile
Logs/AssetImportWorker0.log
-srvPort
55110
Successfully changed project path to: C:/Users/kingm/Unity Projects/AnimLab4P1
C:/Users/kingm/Unity Projects/AnimLab4P1
[UnityMemory] Configuration Parameters - Can be set up in boot.config
    "memorysetup-bucket-allocator-granularity=16"
    "memorysetup-bucket-allocator-bucket-count=8"
    "memorysetup-bucket-allocator-block-size=33554432"
    "memorysetup-bucket-allocator-block-count=8"
    "memorysetup-main-allocator-block-size=16777216"
    "memorysetup-thread-allocator-block-size=16777216"
    "memorysetup-gfx-main-allocator-block-size=16777216"
    "memorysetup-gfx-thread-allocator-block-size=16777216"
    "memorysetup-cache-allocator-block-size=4194304"
    "memorysetup-typetree-allocator-block-size=2097152"
    "memorysetup-profiler-bucket-allocator-granularity=16"
    "memorysetup-profiler-bucket-allocator-bucket-count=8"
    "memorysetup-profiler-bucket-allocator-block-size=33554432"
    "memorysetup-profiler-bucket-allocator-block-count=8"
    "memorysetup-profiler-allocator-block-size=16777216"
    "memorysetup-profiler-editor-allocator-block-size=1048576"
    "memorysetup-temp-allocator-size-main=16777216"
    "memorysetup-job-temp-allocator-block-size=2097152"
    "memorysetup-job-temp-allocator-block-size-background=1048576"
    "memorysetup-job-temp-allocator-reduction-small-platforms=262144"
    "memorysetup-temp-allocator-size-background-worker=32768"
    "memorysetup-temp-allocator-size-job-worker=262144"
    "memorysetup-temp-allocator-size-preload-manager=33554432"
    "memorysetup-temp-allocator-size-nav-mesh-worker=65536"
    "memorysetup-temp-allocator-size-audio-worker=65536"
    "memorysetup-temp-allocator-size-cloud-worker=32768"
    "memorysetup-temp-allocator-size-gi-baking-worker=262144"
    "memorysetup-temp-allocator-size-gfx=262144"
Player connection [11400] Host "[IP] 192.168.2.14 [Port] 0 [Flags] 2 [Guid] 484242362 [EditorId] 484242362 [Version] 1048832 [Id] WindowsEditor(7,S3MSI) [Debug] 1 [PackageName] WindowsEditor [ProjectName] Editor" joined multi-casting on [225.0.0.222:54997]...

Player connection [11400] Host "[IP] 192.168.2.14 [Port] 0 [Flags] 2 [Guid] 484242362 [EditorId] 484242362 [Version] 1048832 [Id] WindowsEditor(7,S3MSI) [Debug] 1 [PackageName] WindowsEditor [ProjectName] Editor" joined alternative multi-casting on [225.0.0.222:34997]...

Refreshing native plugins compatible for Editor in 123.52 ms, found 3 plugins.
Preloading 0 native plugins for Editor in 0.00 ms.
Initialize engine version: 2021.3.16f1 (4016570cf34f)
[Subsystems] Discovering subsystems at path C:/Program Files/Unity/Hub/Editor/2021.3.16f1/Editor/Data/Resources/UnitySubsystems
[Subsystems] Discovering subsystems at path C:/Users/kingm/Unity Projects/AnimLab4P1/Assets
GfxDevice: creating device client; threaded=0; jobified=0
Direct3D:
    Version:  Direct3D 11.0 [level 11.1]
    Renderer: NVIDIA GeForce GTX 1650 with Max-Q Design (ID=0x1f9d)
    Vendor:   NVIDIA
    VRAM:     3953 MB
    Driver:   31.0.15.4601
Initialize mono
Mono path[0] = 'C:/Program Files/Unity/Hub/Editor/2021.3.16f1/Editor/Data/Managed'
Mono path[1] = 'C:/Program Files/Unity/Hub/Editor/2021.3.16f1/Editor/Data/MonoBleedingEdge/lib/mono/unityjit-win32'
Mono config path = 'C:/Program Files/Unity/Hub/Editor/2021.3.16f1/Editor/Data/MonoBleedingEdge/etc'
Using monoOptions --debugger-agent=transport=dt_socket,embedding=1,server=y,suspend=n,address=127.0.0.1:56976
Begin MonoManager ReloadAssembly
Registering precompiled unity dll's ...
Register platform support module: C:/Program Files/Unity/Hub/Editor/2021.3.16f1/Editor/Data/PlaybackEngines/WindowsStandaloneSupport/UnityEditor.WindowsStandalone.Extensions.dll
Registered in 0.004025 seconds.
Native extension for WindowsStandalone target not found
Refreshing native plugins compatible for Editor in 74.25 ms, found 3 plugins.
Preloading 0 native plugins for Editor in 0.00 ms.
Mono: successfully reloaded assembly
- Completed reload, in  0.626 seconds
Domain Reload Profiling:
	ReloadAssembly (626ms)
		BeginReloadAssembly (64ms)
			ExecutionOrderSort (0ms)
			DisableScriptedObjects (0ms)
			BackupInstance (0ms)
			ReleaseScriptingObjects (0ms)
			CreateAndSetChildDomain (1ms)
		EndReloadAssembly (469ms)
			LoadAssemblies (62ms)
			RebuildTransferFunctionScriptingTraits (0ms)
			SetupTypeCache (95ms)
			ReleaseScriptCaches (0ms)
			RebuildScriptCaches (26ms)
			SetupLoadedEditorAssemblies (294ms)
				LogAssemblyErrors (0ms)
				InitializePlatformSupportModulesInManaged (10ms)
				SetLoadedEditorAssemblies (0ms)
				RefreshPlugins (74ms)
				BeforeProcessingInitializeOnLoad (1ms)
				ProcessInitializeOnLoadAttributes (140ms)
				ProcessInitializeOnLoadMethodAttributes (68ms)
				AfterProcessingInitializeOnLoad (0ms)
				EditorAssembliesLoaded (0ms)
			ExecutionOrderSort2 (0ms)
			AwakeInstancesAfterBackupRestoration (0ms)
Platform modules already initialized, skipping
Registering precompiled user dll's ...
Registered in 0.007278 seconds.
Begin MonoManager ReloadAssembly
Symbol file LoadedFromMemory doesn't match image C:\Users\kingm\Unity Projects\AnimLab4P1\Library\PackageCache\com.unity.visualscripting@1.7.8\Editor\VisualScripting.Core\Dependencies\YamlDotNet\Unity.VisualScripting.YamlDotNet.dll
Symbol file LoadedFromMemory doesn't match image C:\Users\kingm\Unity Projects\AnimLab4P1\Library\PackageCache\com.unity.visualscripting@1.7.8\Editor\VisualScripting.Core\Dependencies\DotNetZip\Unity.VisualScripting.IonicZip.dll
Native extension for WindowsStandalone target not found
Refreshing native plugins compatible for Editor in 0.81 ms, found 3 plugins.
Preloading 0 native plugins for Editor in 0.00 ms.
Mono: successfully reloaded assembly
- Completed reload, in  1.025 seconds
Domain Reload Profiling:
	ReloadAssembly (1026ms)
		BeginReloadAssembly (112ms)
			ExecutionOrderSort (0ms)
			DisableScriptedObjects (8ms)
			BackupInstance (0ms)
			ReleaseScriptingObjects (0ms)
			CreateAndSetChildDomain (24ms)
		EndReloadAssembly (807ms)
			LoadAssemblies (79ms)
			RebuildTransferFunctionScriptingTraits (0ms)
			SetupTypeCache (251ms)
			ReleaseScriptCaches (1ms)
			RebuildScriptCaches (50ms)
			SetupLoadedEditorAssemblies (388ms)
				LogAssemblyErrors (0ms)
				InitializePlatformSupportModulesInManaged (5ms)
				SetLoadedEditorAssemblies (1ms)
				RefreshPlugins (1ms)
				BeforeProcessingInitializeOnLoad (88ms)
				ProcessInitializeOnLoadAttributes (260ms)
				ProcessInitializeOnLoadMethodAttributes (27ms)
				AfterProcessingInitializeOnLoad (5ms)
				EditorAssembliesLoaded (0ms)
			ExecutionOrderSort2 (0ms)
			AwakeInstancesAfterBackupRestoration (7ms)
Platform modules already initialized, skipping
========================================================================
Worker process is ready to serve import requests
Launched and connected shader compiler UnityShaderCompiler.exe after 0.04 seconds
Refreshing native plugins compatible for Editor in 0.66 ms, found 3 plugins.
Preloading 0 native plugins for Editor in 0.00 ms.
Unloading 3362 Unused Serialized files (Serialized files now loaded: 0)
Unloading 27 unused Assets / (113.9 KB). Loaded Objects now: 3819.
Memory consumption went from 115.8 MB to 115.7 MB.
Total: 2.643800 ms (FindLiveObjects: 0.244000 ms CreateObjectMapping: 0.087800 ms MarkObjects: 2.212800 ms  DeleteObjects: 0.098100 ms)

AssetImportParameters requested are different than current active one (requested -> active):
  custom:video-decoder-ogg-theora: a1e56fd34408186e4bbccfd4996cb3dc -> 
  custom:container-muxer-webm: aa71ff27fc2769a1b78a27578f13a17b -> 
  custom:container-demuxer-webm: 4f35f7cbe854078d1ac9338744f61a02 -> 
  custom:video-encoder-webm-vp8: eb34c28f22e8b96e1ab97ce403110664 -> 
  custom:audio-encoder-webm-vorbis: bf7c407c2cedff20999df2af8eb42d56 -> 
  custom:framework-win-MediaFoundation: 216162199b28c13a410421893ffa2e32 -> 
  custom:container-demuxer-ogg: 62fdf1f143b41e24485cea50d1cbac27 -> 
  custom:video-decoder-webm-vp8: 9c59270c3fd7afecdb556c50c9e8de78 -> 
  custom:audio-decoder-ogg-vorbis: bf7c407c2cedff20999df2af8eb42d56 -> 
========================================================================
Received Import Request.
  Time since last request: 166823.383465 seconds.
  path: Assets/GuardController.controller
  artifactKey: Guid(75cc3ae0295aac241a014e720fa2d73d) Importer(815301076,1909f56bfc062723c751e8b465ee728b)
Start importing Assets/GuardController.controller using Guid(75cc3ae0295aac241a014e720fa2d73d) Importer(815301076,1909f56bfc062723c751e8b465ee728b)  -> (artifact id: 'eac84e9acea1d6e20dc7f1efb7e442ff') in 0.065259 seconds 
========================================================================
Received Prepare
Registering precompiled user dll's ...
Registered in 0.003834 seconds.
Begin MonoManager ReloadAssembly
Symbol file LoadedFromMemory doesn't match image C:\Users\kingm\Unity Projects\AnimLab4P1\Library\PackageCache\com.unity.visualscripting@1.7.8\Editor\VisualScripting.Core\Dependencies\YamlDotNet\Unity.VisualScripting.YamlDotNet.dll
Symbol file LoadedFromMemory doesn't match image C:\Users\kingm\Unity Projects\AnimLab4P1\Library\PackageCache\com.unity.visualscripting@1.7.8\Editor\VisualScripting.Core\Dependencies\DotNetZip\Unity.VisualScripting.IonicZip.dll
Native extension for WindowsStandalone target not found
Refreshing native plugins compatible for Editor in 0.71 ms, found 3 plugins.
Preloading 0 native plugins for Editor in 0.00 ms.
Mono: successfully reloaded assembly
- Completed reload, in  1.001 seconds
Domain Reload Profiling:
	ReloadAssembly (1002ms)
		BeginReloadAssembly (129ms)
			ExecutionOrderSort (0ms)
			DisableScriptedObjects (5ms)
			BackupInstance (0ms)
			ReleaseScriptingObjects (0ms)
			CreateAndSetChildDomain (41ms)
		EndReloadAssembly (780ms)
			LoadAssemblies (79ms)
			RebuildTransferFunctionScriptingTraits (0ms)
			SetupTypeCache (271ms)
			ReleaseScriptCaches (1ms)
			RebuildScriptCaches (42ms)
			SetupLoadedEditorAssemblies (339ms)
				LogAssemblyErrors (0ms)
				InitializePlatformSupportModulesInManaged (11ms)
				SetLoadedEditorAssemblies (1ms)
				RefreshPlugins (1ms)
				BeforeProcessingInitializeOnLoad (67ms)
				ProcessInitializeOnLoadAttributes (226ms)
				ProcessInitializeOnLoadMethodAttributes (27ms)
				AfterProcessingInitializeOnLoad (5ms)
				EditorAssembliesLoaded (0ms)
			ExecutionOrderSort2 (0ms)
			AwakeInstancesAfterBackupRestoration (5ms)
Platform modules already initialized, skipping
Refreshing native plugins compatible for Editor in 1.79 ms, found 3 plugins.
Preloading 0 native plugins for Editor in 0.00 ms.
Unloading 3357 Unused Serialized files (Serialized files now loaded: 0)
Unloading 20 unused Assets / (80.1 KB). Loaded Objects now: 3823.
Memory consumption went from 115.7 MB to 115.7 MB.
Total: 2.295600 ms (FindLiveObjects: 0.227000 ms CreateObjectMapping: 0.079000 ms MarkObjects: 1.913900 ms  DeleteObjects: 0.074300 ms)

AssetImportParameters requested are different than current active one (requested -> active):
  custom:video-decoder-ogg-theora: a1e56fd34408186e4bbccfd4996cb3dc -> 
  custom:container-muxer-webm: aa71ff27fc2769a1b78a27578f13a17b -> 
  custom:container-demuxer-webm: 4f35f7cbe854078d1ac9338744f61a02 -> 
  custom:video-encoder-webm-vp8: eb34c28f22e8b96e1ab97ce403110664 -> 
  custom:audio-encoder-webm-vorbis: bf7c407c2cedff20999df2af8eb42d56 -> 
  custom:framework-win-MediaFoundation: 216162199b28c13a410421893ffa2e32 -> 
  custom:container-demuxer-ogg: 62fdf1f143b41e24485cea50d1cbac27 -> 
  custom:video-decoder-webm-vp8: 9c59270c3fd7afecdb556c50c9e8de78 -> 
  custom:audio-decoder-ogg-vorbis: bf7c407c2cedff20999df2af8eb42d56 -> 
========================================================================
Received Import Request.
  Time since last request: 27.878366 seconds.
  path: Assets/Lab04-resources/Part 1/Animations/1-Explore/Step 4/Walking Animation.anim
  artifactKey: Guid(bd362e004ec121a4f889c3f2868cc955) Importer(815301076,1909f56bfc062723c751e8b465ee728b)
Start importing Assets/Lab04-resources/Part 1/Animations/1-Explore/Step 4/Walking Animation.anim using Guid(bd362e004ec121a4f889c3f2868cc955) Importer(815301076,1909f56bfc062723c751e8b465ee728b)  -> (artifact id: '339d95e69d122e662bd323e02f21756d') in 0.023080 seconds 
========================================================================
Received Prepare
Registering precompiled user dll's ...
Registered in 0.005738 seconds.
Begin MonoManager ReloadAssembly
Symbol file LoadedFromMemory doesn't match image C:\Users\kingm\Unity Projects\AnimLab4P1\Library\PackageCache\com.unity.visualscripting@1.7.8\Editor\VisualScripting.Core\Dependencies\YamlDotNet\Unity.VisualScripting.YamlDotNet.dll
Symbol file LoadedFromMemory doesn't match image C:\Users\kingm\Unity Projects\AnimLab4P1\Library\PackageCache\com.unity.visualscripting@1.7.8\Editor\VisualScripting.Core\Dependencies\DotNetZip\Unity.VisualScripting.IonicZip.dll
Native extension for WindowsStandalone target not found
Refreshing native plugins compatible for Editor in 0.89 ms, found 3 plugins.
Preloading 0 native plugins for Editor in 0.00 ms.
Mono: successfully reloaded assembly
- Completed reload, in  0.970 seconds
Domain Reload Profiling:
	ReloadAssembly (971ms)
		BeginReloadAssembly (120ms)
			ExecutionOrderSort (0ms)
			DisableScriptedObjects (6ms)
			BackupInstance (0ms)
			ReleaseScriptingObjects (0ms)
			CreateAndSetChildDomain (37ms)
		EndReloadAssembly (766ms)
			LoadAssemblies (65ms)
			RebuildTransferFunctionScriptingTraits (0ms)
			SetupTypeCache (255ms)
			ReleaseScriptCaches (2ms)
			RebuildScriptCaches (45ms)
			SetupLoadedEditorAssemblies (346ms)
				LogAssemblyErrors (0ms)
				InitializePlatformSupportModulesInManaged (13ms)
				SetLoadedEditorAssemblies (1ms)
				RefreshPlugins (1ms)
				BeforeProcessingInitializeOnLoad (67ms)
				ProcessInitializeOnLoadAttributes (229ms)
				ProcessInitializeOnLoadMethodAttributes (26ms)
				AfterProcessingInitializeOnLoad (9ms)
				EditorAssembliesLoaded (0ms)
			ExecutionOrderSort2 (0ms)
			AwakeInstancesAfterBackupRestoration (6ms)
Platform modules already initialized, skipping
Refreshing native plugins compatible for Editor in 1.89 ms, found 3 plugins.
Preloading 0 native plugins for Editor in 0.00 ms.
Unloading 3357 Unused Serialized files (Serialized files now loaded: 0)
Unloading 20 unused Assets / (80.1 KB). Loaded Objects now: 3826.
Memory consumption went from 115.8 MB to 115.7 MB.
Total: 2.341600 ms (FindLiveObjects: 0.212500 ms CreateObjectMapping: 0.075500 ms MarkObjects: 1.967800 ms  DeleteObjects: 0.084600 ms)

AssetImportParameters requested are different than current active one (requested -> active):
  custom:video-decoder-ogg-theora: a1e56fd34408186e4bbccfd4996cb3dc -> 
  custom:container-muxer-webm: aa71ff27fc2769a1b78a27578f13a17b -> 
  custom:container-demuxer-webm: 4f35f7cbe854078d1ac9338744f61a02 -> 
  custom:video-encoder-webm-vp8: eb34c28f22e8b96e1ab97ce403110664 -> 
  custom:audio-encoder-webm-vorbis: bf7c407c2cedff20999df2af8eb42d56 -> 
  custom:framework-win-MediaFoundation: 216162199b28c13a410421893ffa2e32 -> 
  custom:container-demuxer-ogg: 62fdf1f143b41e24485cea50d1cbac27 -> 
  custom:video-decoder-webm-vp8: 9c59270c3fd7afecdb556c50c9e8de78 -> 
  custom:audio-decoder-ogg-vorbis: bf7c407c2cedff20999df2af8eb42d56 -> 
========================================================================
Received Import Request.
  Time since last request: 32.396989 seconds.
  path: Assets/GuardController.controller
  artifactKey: Guid(75cc3ae0295aac241a014e720fa2d73d) Importer(815301076,1909f56bfc062723c751e8b465ee728b)
Start importing Assets/GuardController.controller using Guid(75cc3ae0295aac241a014e720fa2d73d) Importer(815301076,1909f56bfc062723c751e8b465ee728b)  -> (artifact id: '3900e1d31dd888fe0d08b4f5af21334b') in 0.041395 seconds 
========================================================================
Received Import Request.
  Time since last request: 68.963386 seconds.
  path: Assets/Lab04-resources/Part 1/Animations/1-Explore/Step 4/Walking Animation.anim
  artifactKey: Guid(bd362e004ec121a4f889c3f2868cc955) Importer(815301076,1909f56bfc062723c751e8b465ee728b)
Start importing Assets/Lab04-resources/Part 1/Animations/1-Explore/Step 4/Walking Animation.anim using Guid(bd362e004ec121a4f889c3f2868cc955) Importer(815301076,1909f56bfc062723c751e8b465ee728b)  -> (artifact id: '1c3b84362b960eda3f6f01e4106d96bd') in 0.008246 seconds 
========================================================================
Received Import Request.
  Time since last request: 2.397133 seconds.
  path: Assets/Lab04-resources/Part 1/Animations/1-Explore/Step 4/2F Crouch Animation.anim
  artifactKey: Guid(7df0212c45cd69f40abd26da595cbad9) Importer(815301076,1909f56bfc062723c751e8b465ee728b)
Start importing Assets/Lab04-resources/Part 1/Animations/1-Explore/Step 4/2F Crouch Animation.anim using Guid(7df0212c45cd69f40abd26da595cbad9) Importer(815301076,1909f56bfc062723c751e8b465ee728b)  -> (artifact id: '1e4143eed0e4d646bcf3e38e126e11eb') in 0.003235 seconds 
========================================================================
Received Import Request.
  Time since last request: 46.942039 seconds.
  path: Assets/Lab04-resources/Part 1/Animations/2-Act/Act 2/sword-ready-pose.fbx
  artifactKey: Guid(c4af169c5cc7d4741aa07c6f359b4a15) Importer(815301076,1909f56bfc062723c751e8b465ee728b)
Start importing Assets/Lab04-resources/Part 1/Animations/2-Act/Act 2/sword-ready-pose.fbx using Guid(c4af169c5cc7d4741aa07c6f359b4a15) Importer(815301076,1909f56bfc062723c751e8b465ee728b)  -> (artifact id: '6c11e3e035b7bc48990d3da32385f865') in 0.024699 seconds 
========================================================================
Received Import Request.
  Time since last request: 0.000024 seconds.
  path: Assets/Lab04-resources/Part 1/Animations/2-Act/Act 2/axe-ready-pose.fbx
  artifactKey: Guid(41b0131976a6ea946b2ace1f33e568c5) Importer(815301076,1909f56bfc062723c751e8b465ee728b)
Start importing Assets/Lab04-resources/Part 1/Animations/2-Act/Act 2/axe-ready-pose.fbx using Guid(41b0131976a6ea946b2ace1f33e568c5) Importer(815301076,1909f56bfc062723c751e8b465ee728b)  -> (artifact id: '530e9b233b315164e78fb84ddf04bf7d') in 0.008753 seconds 
========================================================================
Received Import Request.
  Time since last request: 42.501211 seconds.
  path: Assets/Lab04-resources/Part 1/Animations/1-Explore/Step 4/2F Crouch Animation.anim
  artifactKey: Guid(7df0212c45cd69f40abd26da595cbad9) Importer(815301076,1909f56bfc062723c751e8b465ee728b)
Start importing Assets/Lab04-resources/Part 1/Animations/1-Explore/Step 4/2F Crouch Animation.anim using Guid(7df0212c45cd69f40abd26da595cbad9) Importer(815301076,1909f56bfc062723c751e8b465ee728b)  -> (artifact id: 'f3b9cdc5c0f52ca2e887904ad0b72a50') in 0.011605 seconds 
========================================================================
Received Prepare
Registering precompiled user dll's ...
Registered in 0.005804 seconds.
Begin MonoManager ReloadAssembly
Symbol file LoadedFromMemory doesn't match image C:\Users\kingm\Unity Projects\AnimLab4P1\Library\PackageCache\com.unity.visualscripting@1.7.8\Editor\VisualScripting.Core\Dependencies\YamlDotNet\Unity.VisualScripting.YamlDotNet.dll
Symbol file LoadedFromMemory doesn't match image C:\Users\kingm\Unity Projects\AnimLab4P1\Library\PackageCache\com.unity.visualscripting@1.7.8\Editor\VisualScripting.Core\Dependencies\DotNetZip\Unity.VisualScripting.IonicZip.dll
Native extension for WindowsStandalone target not found
Refreshing native plugins compatible for Editor in 1.01 ms, found 3 plugins.
Preloading 0 native plugins for Editor in 0.00 ms.
Mono: successfully reloaded assembly
- Completed reload, in  0.993 seconds
Domain Reload Profiling:
	ReloadAssembly (994ms)
		BeginReloadAssembly (119ms)
			ExecutionOrderSort (0ms)
			DisableScriptedObjects (4ms)
			BackupInstance (0ms)
			ReleaseScriptingObjects (0ms)
			CreateAndSetChildDomain (36ms)
		EndReloadAssembly (792ms)
			LoadAssemblies (68ms)
			RebuildTransferFunctionScriptingTraits (0ms)
			SetupTypeCache (257ms)
			ReleaseScriptCaches (2ms)
			RebuildScriptCaches (46ms)
			SetupLoadedEditorAssemblies (365ms)
				LogAssemblyErrors (0ms)
				InitializePlatformSupportModulesInManaged (13ms)
				SetLoadedEditorAssemblies (1ms)
				RefreshPlugins (1ms)
				BeforeProcessingInitializeOnLoad (73ms)
				ProcessInitializeOnLoadAttributes (240ms)
				ProcessInitializeOnLoadMethodAttributes (29ms)
				AfterProcessingInitializeOnLoad (9ms)
				EditorAssembliesLoaded (0ms)
			ExecutionOrderSort2 (0ms)
			AwakeInstancesAfterBackupRestoration (6ms)
Platform modules already initialized, skipping
Refreshing native plugins compatible for Editor in 1.54 ms, found 3 plugins.
Preloading 0 native plugins for Editor in 0.00 ms.
Unloading 3357 Unused Serialized files (Serialized files now loaded: 0)
Unloading 20 unused Assets / (80.3 KB). Loaded Objects now: 3829.
Memory consumption went from 115.8 MB to 115.7 MB.
Total: 2.416700 ms (FindLiveObjects: 0.208100 ms CreateObjectMapping: 0.074300 ms MarkObjects: 2.036900 ms  DeleteObjects: 0.096000 ms)

AssetImportParameters requested are different than current active one (requested -> active):
  custom:video-decoder-ogg-theora: a1e56fd34408186e4bbccfd4996cb3dc -> 
  custom:container-muxer-webm: aa71ff27fc2769a1b78a27578f13a17b -> 
  custom:container-demuxer-webm: 4f35f7cbe854078d1ac9338744f61a02 -> 
  custom:video-encoder-webm-vp8: eb34c28f22e8b96e1ab97ce403110664 -> 
  custom:audio-encoder-webm-vorbis: bf7c407c2cedff20999df2af8eb42d56 -> 
  custom:framework-win-MediaFoundation: 216162199b28c13a410421893ffa2e32 -> 
  custom:container-demuxer-ogg: 62fdf1f143b41e24485cea50d1cbac27 -> 
  custom:video-decoder-webm-vp8: 9c59270c3fd7afecdb556c50c9e8de78 -> 
  custom:audio-decoder-ogg-vorbis: bf7c407c2cedff20999df2af8eb42d56 -> 
========================================================================
Received Import Request.
  Time since last request: 580.192791 seconds.
  path: Assets/Lab04-resources/Part 1/Animations/2-Act/Act 2
  artifactKey: Guid(f2fffe63ae4c18f48b5ffaac85211a39) Importer(815301076,1909f56bfc062723c751e8b465ee728b)
Start importing Assets/Lab04-resources/Part 1/Animations/2-Act/Act 2 using Guid(f2fffe63ae4c18f48b5ffaac85211a39) Importer(815301076,1909f56bfc062723c751e8b465ee728b)  -> (artifact id: 'e8ca21180aacc25302c8501f99bfc94d') in 0.009350 seconds 
========================================================================
Received Import Request.
  Time since last request: 15.915937 seconds.
  path: Assets/Lab04-resources/Part 1/Animations/2-Act/Act 2/axe-ready-pose.fbx
  artifactKey: Guid(41b0131976a6ea946b2ace1f33e568c5) Importer(815301076,1909f56bfc062723c751e8b465ee728b)
Start importing Assets/Lab04-resources/Part 1/Animations/2-Act/Act 2/axe-ready-pose.fbx using Guid(41b0131976a6ea946b2ace1f33e568c5) Importer(815301076,1909f56bfc062723c751e8b465ee728b)  -> (artifact id: '0828f5c651a8ba9fc5c898500d2b8c62') in 0.030739 seconds 
========================================================================
Received Import Request.
  Time since last request: 26.072859 seconds.
  path: Assets/Lab04-resources/Part 1/Animations/2-Act/Act 2/mixamo.com.anim
  artifactKey: Guid(e5f01b38a4672224ba34c871c1bd560a) Importer(815301076,1909f56bfc062723c751e8b465ee728b)
Start importing Assets/Lab04-resources/Part 1/Animations/2-Act/Act 2/mixamo.com.anim using Guid(e5f01b38a4672224ba34c871c1bd560a) Importer(815301076,1909f56bfc062723c751e8b465ee728b)  -> (artifact id: 'dc69fbefe27694240560f9069b537bdc') in 0.004868 seconds 
========================================================================
Received Import Request.
  Time since last request: 20.104254 seconds.
  path: Assets/Lab04-resources/Part 1/Animations/2-Act/Act 2/Axe Anim.anim
  artifactKey: Guid(e5f01b38a4672224ba34c871c1bd560a) Importer(815301076,1909f56bfc062723c751e8b465ee728b)
Start importing Assets/Lab04-resources/Part 1/Animations/2-Act/Act 2/Axe Anim.anim using Guid(e5f01b38a4672224ba34c871c1bd560a) Importer(815301076,1909f56bfc062723c751e8b465ee728b)  -> (artifact id: '2dfd44ae96e4ad3cb1807a163893143e') in 0.004763 seconds 
========================================================================
Received Import Request.
  Time since last request: 22.303453 seconds.
  path: Assets/Lab04-resources/Part 1/Animations/2-Act/Act 2/axe-ready-pose.fbx
  artifactKey: Guid(41b0131976a6ea946b2ace1f33e568c5) Importer(815301076,1909f56bfc062723c751e8b465ee728b)
Start importing Assets/Lab04-resources/Part 1/Animations/2-Act/Act 2/axe-ready-pose.fbx using Guid(41b0131976a6ea946b2ace1f33e568c5) Importer(815301076,1909f56bfc062723c751e8b465ee728b)  -> (artifact id: 'c5bcf23a82cc13bfbdf176d8613b1e84') in 0.006483 seconds 
========================================================================
Received Import Request.
  Time since last request: 0.000035 seconds.
  path: Assets/Lab04-resources/Part 1/Animations/2-Act/Act 2/sword-ready-pose.fbx
  artifactKey: Guid(c4af169c5cc7d4741aa07c6f359b4a15) Importer(815301076,1909f56bfc062723c751e8b465ee728b)
Start importing Assets/Lab04-resources/Part 1/Animations/2-Act/Act 2/sword-ready-pose.fbx using Guid(c4af169c5cc7d4741aa07c6f359b4a15) Importer(815301076,1909f56bfc062723c751e8b465ee728b)  -> (artifact id: 'bbf386ad481fbe241075330be8bcd073') in 0.006952 seconds 
========================================================================
Received Import Request.
  Time since last request: 13.754627 seconds.
  path: Assets/Lab04-resources/Part 1/Animations/2-Act/Act 2/bow-ready-pose.fbx
  artifactKey: Guid(c262c319cb4173e43989afe89a14f23d) Importer(815301076,1909f56bfc062723c751e8b465ee728b)
Start importing Assets/Lab04-resources/Part 1/Animations/2-Act/Act 2/bow-ready-pose.fbx using Guid(c262c319cb4173e43989afe89a14f23d) Importer(815301076,1909f56bfc062723c751e8b465ee728b)  -> (artifact id: '0810ca66eda2d9e169e0f4586c384467') in 0.008536 seconds 
========================================================================
Received Import Request.
  Time since last request: 8.277189 seconds.
  path: Assets/Lab04-resources/Part 1/Animations/2-Act/Act 2/mixamo.com.anim
  artifactKey: Guid(7729a4f809a070042b6fa5a6e8309a1e) Importer(815301076,1909f56bfc062723c751e8b465ee728b)
Start importing Assets/Lab04-resources/Part 1/Animations/2-Act/Act 2/mixamo.com.anim using Guid(7729a4f809a070042b6fa5a6e8309a1e) Importer(815301076,1909f56bfc062723c751e8b465ee728b)  -> (artifact id: 'c02bd6ef1cd884a69abff11df1266317') in 0.004608 seconds 
========================================================================
Received Import Request.
  Time since last request: 6.365879 seconds.
  path: Assets/Lab04-resources/Part 1/Animations/2-Act/Act 2/Bow Anim.anim
  artifactKey: Guid(7729a4f809a070042b6fa5a6e8309a1e) Importer(815301076,1909f56bfc062723c751e8b465ee728b)
Start importing Assets/Lab04-resources/Part 1/Animations/2-Act/Act 2/Bow Anim.anim using Guid(7729a4f809a070042b6fa5a6e8309a1e) Importer(815301076,1909f56bfc062723c751e8b465ee728b)  -> (artifact id: '83672751525052d881cef13a54cffa99') in 0.004246 seconds 
========================================================================
Received Import Request.
  Time since last request: 10.803835 seconds.
  path: Assets/Lab04-resources/Part 1/Animations/2-Act/Act 2/mixamo.com.anim
  artifactKey: Guid(5e3a36eabbff936408d20f694ec01366) Importer(815301076,1909f56bfc062723c751e8b465ee728b)
Start importing Assets/Lab04-resources/Part 1/Animations/2-Act/Act 2/mixamo.com.anim using Guid(5e3a36eabbff936408d20f694ec01366) Importer(815301076,1909f56bfc062723c751e8b465ee728b)  -> (artifact id: 'fe4a1e58802e672dfcf127ea4bb6e73c') in 0.004373 seconds 
========================================================================
Received Import Request.
  Time since last request: 4.622518 seconds.
  path: Assets/Lab04-resources/Part 1/Animations/2-Act/Act 2/Sword Anim.anim
  artifactKey: Guid(5e3a36eabbff936408d20f694ec01366) Importer(815301076,1909f56bfc062723c751e8b465ee728b)
Start importing Assets/Lab04-resources/Part 1/Animations/2-Act/Act 2/Sword Anim.anim using Guid(5e3a36eabbff936408d20f694ec01366) Importer(815301076,1909f56bfc062723c751e8b465ee728b)  -> (artifact id: '5803c28b4d5e26e866cde6e7d32cad32') in 0.004889 seconds 
========================================================================
Received Import Request.
  Time since last request: 4349.645438 seconds.
  path: Assets/GuardController.controller
  artifactKey: Guid(75cc3ae0295aac241a014e720fa2d73d) Importer(815301076,1909f56bfc062723c751e8b465ee728b)
Start importing Assets/GuardController.controller using Guid(75cc3ae0295aac241a014e720fa2d73d) Importer(815301076,1909f56bfc062723c751e8b465ee728b)  -> (artifact id: 'a5d07e13eed6ee7c53abdc9145db6545') in 0.041578 seconds 
========================================================================
Received Prepare
Registering precompiled user dll's ...
Registered in 0.003876 seconds.
Begin MonoManager ReloadAssembly
Symbol file LoadedFromMemory doesn't match image C:\Users\kingm\Unity Projects\AnimLab4P1\Library\PackageCache\com.unity.visualscripting@1.7.8\Editor\VisualScripting.Core\Dependencies\YamlDotNet\Unity.VisualScripting.YamlDotNet.dll
Symbol file LoadedFromMemory doesn't match image C:\Users\kingm\Unity Projects\AnimLab4P1\Library\PackageCache\com.unity.visualscripting@1.7.8\Editor\VisualScripting.Core\Dependencies\DotNetZip\Unity.VisualScripting.IonicZip.dll
Native extension for WindowsStandalone target not found
Refreshing native plugins compatible for Editor in 0.76 ms, found 3 plugins.
Preloading 0 native plugins for Editor in 0.00 ms.
Mono: successfully reloaded assembly
- Completed reload, in  1.097 seconds
Domain Reload Profiling:
	ReloadAssembly (1098ms)
		BeginReloadAssembly (237ms)
			ExecutionOrderSort (0ms)
			DisableScriptedObjects (9ms)
			BackupInstance (0ms)
			ReleaseScriptingObjects (0ms)
			CreateAndSetChildDomain (100ms)
		EndReloadAssembly (760ms)
			LoadAssemblies (100ms)
			RebuildTransferFunctionScriptingTraits (0ms)
			SetupTypeCache (260ms)
			ReleaseScriptCaches (1ms)
			RebuildScriptCaches (41ms)
			SetupLoadedEditorAssemblies (331ms)
				LogAssemblyErrors (0ms)
				InitializePlatformSupportModulesInManaged (13ms)
				SetLoadedEditorAssemblies (1ms)
				RefreshPlugins (1ms)
				BeforeProcessingInitializeOnLoad (66ms)
				ProcessInitializeOnLoadAttributes (218ms)
				ProcessInitializeOnLoadMethodAttributes (26ms)
				AfterProcessingInitializeOnLoad (6ms)
				EditorAssembliesLoaded (0ms)
			ExecutionOrderSort2 (0ms)
			AwakeInstancesAfterBackupRestoration (7ms)
Platform modules already initialized, skipping
Refreshing native plugins compatible for Editor in 1.70 ms, found 3 plugins.
Preloading 0 native plugins for Editor in 0.00 ms.
Unloading 3357 Unused Serialized files (Serialized files now loaded: 0)
Unloading 20 unused Assets / (80.3 KB). Loaded Objects now: 3832.
Memory consumption went from 115.8 MB to 115.7 MB.
Total: 3.366200 ms (FindLiveObjects: 0.219000 ms CreateObjectMapping: 0.080000 ms MarkObjects: 2.874800 ms  DeleteObjects: 0.191000 ms)

AssetImportParameters requested are different than current active one (requested -> active):
  custom:video-decoder-ogg-theora: a1e56fd34408186e4bbccfd4996cb3dc -> 
  custom:container-muxer-webm: aa71ff27fc2769a1b78a27578f13a17b -> 
  custom:container-demuxer-webm: 4f35f7cbe854078d1ac9338744f61a02 -> 
  custom:video-encoder-webm-vp8: eb34c28f22e8b96e1ab97ce403110664 -> 
  custom:audio-encoder-webm-vorbis: bf7c407c2cedff20999df2af8eb42d56 -> 
  custom:framework-win-MediaFoundation: 216162199b28c13a410421893ffa2e32 -> 
  custom:container-demuxer-ogg: 62fdf1f143b41e24485cea50d1cbac27 -> 
  custom:video-decoder-webm-vp8: 9c59270c3fd7afecdb556c50c9e8de78 -> 
  custom:audio-decoder-ogg-vorbis: bf7c407c2cedff20999df2af8eb42d56 -> 
========================================================================
Received Import Request.
  Time since last request: 85.849391 seconds.
  path: Assets/Lab04-resources/Part 1/Animations/2-Act/Act 2/Bow Anim.anim
  artifactKey: Guid(7729a4f809a070042b6fa5a6e8309a1e) Importer(815301076,1909f56bfc062723c751e8b465ee728b)
Start importing Assets/Lab04-resources/Part 1/Animations/2-Act/Act 2/Bow Anim.anim using Guid(7729a4f809a070042b6fa5a6e8309a1e) Importer(815301076,1909f56bfc062723c751e8b465ee728b)  -> (artifact id: 'de34b36cabab16e7f082c3546340cd57') in 0.030633 seconds 
========================================================================
Received Import Request.
  Time since last request: 1.076335 seconds.
  path: Assets/GuardController.controller
  artifactKey: Guid(75cc3ae0295aac241a014e720fa2d73d) Importer(815301076,1909f56bfc062723c751e8b465ee728b)
Start importing Assets/GuardController.controller using Guid(75cc3ae0295aac241a014e720fa2d73d) Importer(815301076,1909f56bfc062723c751e8b465ee728b)  -> (artifact id: '0775b975b2583751281dcd0c8f177f8b') in 0.030553 seconds 
========================================================================
Received Prepare
Registering precompiled user dll's ...
Registered in 0.003806 seconds.
Begin MonoManager ReloadAssembly
Symbol file LoadedFromMemory doesn't match image C:\Users\kingm\Unity Projects\AnimLab4P1\Library\PackageCache\com.unity.visualscripting@1.7.8\Editor\VisualScripting.Core\Dependencies\YamlDotNet\Unity.VisualScripting.YamlDotNet.dll
Symbol file LoadedFromMemory doesn't match image C:\Users\kingm\Unity Projects\AnimLab4P1\Library\PackageCache\com.unity.visualscripting@1.7.8\Editor\VisualScripting.Core\Dependencies\DotNetZip\Unity.VisualScripting.IonicZip.dll
Native extension for WindowsStandalone target not found
Refreshing native plugins compatible for Editor in 0.61 ms, found 3 plugins.
Preloading 0 native plugins for Editor in 0.00 ms.
Mono: successfully reloaded assembly
- Completed reload, in  0.992 seconds
Domain Reload Profiling:
	ReloadAssembly (993ms)
		BeginReloadAssembly (129ms)
			ExecutionOrderSort (0ms)
			DisableScriptedObjects (6ms)
			BackupInstance (0ms)
			ReleaseScriptingObjects (0ms)
			CreateAndSetChildDomain (41ms)
		EndReloadAssembly (785ms)
			LoadAssemblies (73ms)
			RebuildTransferFunctionScriptingTraits (0ms)
			SetupTypeCache (274ms)
			ReleaseScriptCaches (2ms)
			RebuildScriptCaches (49ms)
			SetupLoadedEditorAssemblies (336ms)
				LogAssemblyErrors (0ms)
				InitializePlatformSupportModulesInManaged (13ms)
				SetLoadedEditorAssemblies (0ms)
				RefreshPlugins (1ms)
				BeforeProcessingInitializeOnLoad (65ms)
				ProcessInitializeOnLoadAttributes (224ms)
				ProcessInitializeOnLoadMethodAttributes (25ms)
				AfterProcessingInitializeOnLoad (6ms)
				EditorAssembliesLoaded (0ms)
			ExecutionOrderSort2 (0ms)
			AwakeInstancesAfterBackupRestoration (6ms)
Platform modules already initialized, skipping
Refreshing native plugins compatible for Editor in 1.66 ms, found 3 plugins.
Preloading 0 native plugins for Editor in 0.00 ms.
Unloading 3357 Unused Serialized files (Serialized files now loaded: 0)
Unloading 20 unused Assets / (80.1 KB). Loaded Objects now: 3835.
Memory consumption went from 115.8 MB to 115.7 MB.
Total: 2.999700 ms (FindLiveObjects: 0.281000 ms CreateObjectMapping: 0.117200 ms MarkObjects: 2.456200 ms  DeleteObjects: 0.143700 ms)

AssetImportParameters requested are different than current active one (requested -> active):
  custom:video-decoder-ogg-theora: a1e56fd34408186e4bbccfd4996cb3dc -> 
  custom:container-muxer-webm: aa71ff27fc2769a1b78a27578f13a17b -> 
  custom:container-demuxer-webm: 4f35f7cbe854078d1ac9338744f61a02 -> 
  custom:video-encoder-webm-vp8: eb34c28f22e8b96e1ab97ce403110664 -> 
  custom:audio-encoder-webm-vorbis: bf7c407c2cedff20999df2af8eb42d56 -> 
  custom:framework-win-MediaFoundation: 216162199b28c13a410421893ffa2e32 -> 
  custom:container-demuxer-ogg: 62fdf1f143b41e24485cea50d1cbac27 -> 
  custom:video-decoder-webm-vp8: 9c59270c3fd7afecdb556c50c9e8de78 -> 
  custom:audio-decoder-ogg-vorbis: bf7c407c2cedff20999df2af8eb42d56 -> 
========================================================================
Received Import Request.
  Time since last request: 21.936690 seconds.
  path: Assets/GuardMask.mask
  artifactKey: Guid(d2247434c89d45f44822c0a1eed57ed0) Importer(815301076,1909f56bfc062723c751e8b465ee728b)
Start importing Assets/GuardMask.mask using Guid(d2247434c89d45f44822c0a1eed57ed0) Importer(815301076,1909f56bfc062723c751e8b465ee728b)  -> (artifact id: '0944c78d99515be8a8b2d001fb1a2d3b') in 0.018898 seconds 
========================================================================
Received Prepare
Registering precompiled user dll's ...
Registered in 0.003760 seconds.
Begin MonoManager ReloadAssembly
Symbol file LoadedFromMemory doesn't match image C:\Users\kingm\Unity Projects\AnimLab4P1\Library\PackageCache\com.unity.visualscripting@1.7.8\Editor\VisualScripting.Core\Dependencies\YamlDotNet\Unity.VisualScripting.YamlDotNet.dll
Symbol file LoadedFromMemory doesn't match image C:\Users\kingm\Unity Projects\AnimLab4P1\Library\PackageCache\com.unity.visualscripting@1.7.8\Editor\VisualScripting.Core\Dependencies\DotNetZip\Unity.VisualScripting.IonicZip.dll
Native extension for WindowsStandalone target not found
Refreshing native plugins compatible for Editor in 0.61 ms, found 3 plugins.
Preloading 0 native plugins for Editor in 0.00 ms.
Mono: successfully reloaded assembly
- Completed reload, in  0.948 seconds
Domain Reload Profiling:
	ReloadAssembly (949ms)
		BeginReloadAssembly (120ms)
			ExecutionOrderSort (0ms)
			DisableScriptedObjects (5ms)
			BackupInstance (0ms)
			ReleaseScriptingObjects (0ms)
			CreateAndSetChildDomain (36ms)
		EndReloadAssembly (737ms)
			LoadAssemblies (68ms)
			RebuildTransferFunctionScriptingTraits (0ms)
			SetupTypeCache (245ms)
			ReleaseScriptCaches (1ms)
			RebuildScriptCaches (42ms)
			SetupLoadedEditorAssemblies (332ms)
				LogAssemblyErrors (0ms)
				InitializePlatformSupportModulesInManaged (11ms)
				SetLoadedEditorAssemblies (0ms)
				RefreshPlugins (1ms)
				BeforeProcessingInitializeOnLoad (62ms)
				ProcessInitializeOnLoadAttributes (224ms)
				ProcessInitializeOnLoadMethodAttributes (28ms)
				AfterProcessingInitializeOnLoad (6ms)
				EditorAssembliesLoaded (0ms)
			ExecutionOrderSort2 (0ms)
			AwakeInstancesAfterBackupRestoration (5ms)
Platform modules already initialized, skipping
Refreshing native plugins compatible for Editor in 2.23 ms, found 3 plugins.
Preloading 0 native plugins for Editor in 0.00 ms.
Unloading 3357 Unused Serialized files (Serialized files now loaded: 0)
Unloading 20 unused Assets / (80.2 KB). Loaded Objects now: 3838.
Memory consumption went from 115.8 MB to 115.7 MB.
Total: 2.357700 ms (FindLiveObjects: 0.214500 ms CreateObjectMapping: 0.071000 ms MarkObjects: 1.983200 ms  DeleteObjects: 0.087600 ms)

AssetImportParameters requested are different than current active one (requested -> active):
  custom:video-decoder-ogg-theora: a1e56fd34408186e4bbccfd4996cb3dc -> 
  custom:container-muxer-webm: aa71ff27fc2769a1b78a27578f13a17b -> 
  custom:container-demuxer-webm: 4f35f7cbe854078d1ac9338744f61a02 -> 
  custom:video-encoder-webm-vp8: eb34c28f22e8b96e1ab97ce403110664 -> 
  custom:audio-encoder-webm-vorbis: bf7c407c2cedff20999df2af8eb42d56 -> 
  custom:framework-win-MediaFoundation: 216162199b28c13a410421893ffa2e32 -> 
  custom:container-demuxer-ogg: 62fdf1f143b41e24485cea50d1cbac27 -> 
  custom:video-decoder-webm-vp8: 9c59270c3fd7afecdb556c50c9e8de78 -> 
  custom:audio-decoder-ogg-vorbis: bf7c407c2cedff20999df2af8eb42d56 -> 
========================================================================
Received Prepare
Registering precompiled user dll's ...
Registered in 0.003751 seconds.
Begin MonoManager ReloadAssembly
Symbol file LoadedFromMemory doesn't match image C:\Users\kingm\Unity Projects\AnimLab4P1\Library\PackageCache\com.unity.visualscripting@1.7.8\Editor\VisualScripting.Core\Dependencies\YamlDotNet\Unity.VisualScripting.YamlDotNet.dll
Symbol file LoadedFromMemory doesn't match image C:\Users\kingm\Unity Projects\AnimLab4P1\Library\PackageCache\com.unity.visualscripting@1.7.8\Editor\VisualScripting.Core\Dependencies\DotNetZip\Unity.VisualScripting.IonicZip.dll
Native extension for WindowsStandalone target not found
Refreshing native plugins compatible for Editor in 0.60 ms, found 3 plugins.
Preloading 0 native plugins for Editor in 0.00 ms.
Mono: successfully reloaded assembly
- Completed reload, in  0.960 seconds
Domain Reload Profiling:
	ReloadAssembly (960ms)
		BeginReloadAssembly (124ms)
			ExecutionOrderSort (0ms)
			DisableScriptedObjects (6ms)
			BackupInstance (0ms)
			ReleaseScriptingObjects (0ms)
			CreateAndSetChildDomain (36ms)
		EndReloadAssembly (748ms)
			LoadAssemblies (74ms)
			RebuildTransferFunctionScriptingTraits (0ms)
			SetupTypeCache (244ms)
			ReleaseScriptCaches (1ms)
			RebuildScriptCaches (41ms)
			SetupLoadedEditorAssemblies (338ms)
				LogAssemblyErrors (0ms)
				InitializePlatformSupportModulesInManaged (13ms)
				SetLoadedEditorAssemblies (0ms)
				RefreshPlugins (1ms)
				BeforeProcessingInitializeOnLoad (66ms)
				ProcessInitializeOnLoadAttributes (225ms)
				ProcessInitializeOnLoadMethodAttributes (28ms)
				AfterProcessingInitializeOnLoad (6ms)
				EditorAssembliesLoaded (0ms)
			ExecutionOrderSort2 (0ms)
			AwakeInstancesAfterBackupRestoration (6ms)
Platform modules already initialized, skipping
Refreshing native plugins compatible for Editor in 1.78 ms, found 3 plugins.
Preloading 0 native plugins for Editor in 0.00 ms.
Unloading 3357 Unused Serialized files (Serialized files now loaded: 0)
Unloading 20 unused Assets / (80.3 KB). Loaded Objects now: 3841.
Memory consumption went from 115.8 MB to 115.8 MB.
Total: 3.261600 ms (FindLiveObjects: 0.375200 ms CreateObjectMapping: 0.121500 ms MarkObjects: 2.663300 ms  DeleteObjects: 0.100500 ms)

AssetImportParameters requested are different than current active one (requested -> active):
  custom:video-decoder-ogg-theora: a1e56fd34408186e4bbccfd4996cb3dc -> 
  custom:container-muxer-webm: aa71ff27fc2769a1b78a27578f13a17b -> 
  custom:container-demuxer-webm: 4f35f7cbe854078d1ac9338744f61a02 -> 
  custom:video-encoder-webm-vp8: eb34c28f22e8b96e1ab97ce403110664 -> 
  custom:audio-encoder-webm-vorbis: bf7c407c2cedff20999df2af8eb42d56 -> 
  custom:framework-win-MediaFoundation: 216162199b28c13a410421893ffa2e32 -> 
  custom:container-demuxer-ogg: 62fdf1f143b41e24485cea50d1cbac27 -> 
  custom:video-decoder-webm-vp8: 9c59270c3fd7afecdb556c50c9e8de78 -> 
  custom:audio-decoder-ogg-vorbis: bf7c407c2cedff20999df2af8eb42d56 -> 
========================================================================
Received Prepare
Registering precompiled user dll's ...
Registered in 0.005086 seconds.
Begin MonoManager ReloadAssembly
Symbol file LoadedFromMemory doesn't match image C:\Users\kingm\Unity Projects\AnimLab4P1\Library\PackageCache\com.unity.visualscripting@1.7.8\Editor\VisualScripting.Core\Dependencies\YamlDotNet\Unity.VisualScripting.YamlDotNet.dll
Symbol file LoadedFromMemory doesn't match image C:\Users\kingm\Unity Projects\AnimLab4P1\Library\PackageCache\com.unity.visualscripting@1.7.8\Editor\VisualScripting.Core\Dependencies\DotNetZip\Unity.VisualScripting.IonicZip.dll
Native extension for WindowsStandalone target not found
Refreshing native plugins compatible for Editor in 1.02 ms, found 3 plugins.
Preloading 0 native plugins for Editor in 0.00 ms.
Mono: successfully reloaded assembly
- Completed reload, in  0.986 seconds
Domain Reload Profiling:
	ReloadAssembly (987ms)
		BeginReloadAssembly (123ms)
			ExecutionOrderSort (0ms)
			DisableScriptedObjects (5ms)
			BackupInstance (0ms)
			ReleaseScriptingObjects (0ms)
			CreateAndSetChildDomain (32ms)
		EndReloadAssembly (782ms)
			LoadAssemblies (75ms)
			RebuildTransferFunctionScriptingTraits (0ms)
			SetupTypeCache (256ms)
			ReleaseScriptCaches (2ms)
			RebuildScriptCaches (51ms)
			SetupLoadedEditorAssemblies (340ms)
				LogAssemblyErrors (0ms)
				InitializePlatformSupportModulesInManaged (14ms)
				SetLoadedEditorAssemblies (1ms)
				RefreshPlugins (1ms)
				BeforeProcessingInitializeOnLoad (63ms)
				ProcessInitializeOnLoadAttributes (228ms)
				ProcessInitializeOnLoadMethodAttributes (28ms)
				AfterProcessingInitializeOnLoad (5ms)
				EditorAssembliesLoaded (0ms)
			ExecutionOrderSort2 (0ms)
			AwakeInstancesAfterBackupRestoration (6ms)
Platform modules already initialized, skipping
Refreshing native plugins compatible for Editor in 1.49 ms, found 3 plugins.
Preloading 0 native plugins for Editor in 0.00 ms.
Unloading 3357 Unused Serialized files (Serialized files now loaded: 0)
Unloading 20 unused Assets / (80.2 KB). Loaded Objects now: 3844.
Memory consumption went from 115.8 MB to 115.8 MB.
Total: 2.168500 ms (FindLiveObjects: 0.199300 ms CreateObjectMapping: 0.074800 ms MarkObjects: 1.817100 ms  DeleteObjects: 0.076700 ms)

AssetImportParameters requested are different than current active one (requested -> active):
  custom:video-decoder-ogg-theora: a1e56fd34408186e4bbccfd4996cb3dc -> 
  custom:container-muxer-webm: aa71ff27fc2769a1b78a27578f13a17b -> 
  custom:container-demuxer-webm: 4f35f7cbe854078d1ac9338744f61a02 -> 
  custom:video-encoder-webm-vp8: eb34c28f22e8b96e1ab97ce403110664 -> 
  custom:audio-encoder-webm-vorbis: bf7c407c2cedff20999df2af8eb42d56 -> 
  custom:framework-win-MediaFoundation: 216162199b28c13a410421893ffa2e32 -> 
  custom:container-demuxer-ogg: 62fdf1f143b41e24485cea50d1cbac27 -> 
  custom:video-decoder-webm-vp8: 9c59270c3fd7afecdb556c50c9e8de78 -> 
  custom:audio-decoder-ogg-vorbis: bf7c407c2cedff20999df2af8eb42d56 -> 
========================================================================
Received Import Request.
  Time since last request: 268.038084 seconds.
  path: Assets/GuardMask 1.mask
  artifactKey: Guid(52555e8f5ed5e4b489a1a57502f16ec9) Importer(815301076,1909f56bfc062723c751e8b465ee728b)
Start importing Assets/GuardMask 1.mask using Guid(52555e8f5ed5e4b489a1a57502f16ec9) Importer(815301076,1909f56bfc062723c751e8b465ee728b)  -> (artifact id: '00c5d563b0053bb87d5924757f6e8920') in 0.020094 seconds 
========================================================================
Received Import Request.
  Time since last request: 4.977313 seconds.
  path: Assets/Bow Mask.mask
  artifactKey: Guid(52555e8f5ed5e4b489a1a57502f16ec9) Importer(815301076,1909f56bfc062723c751e8b465ee728b)
Start importing Assets/Bow Mask.mask using Guid(52555e8f5ed5e4b489a1a57502f16ec9) Importer(815301076,1909f56bfc062723c751e8b465ee728b)  -> (artifact id: '022ad34845045f73ee59f411ebf5a69b') in 0.003671 seconds 
========================================================================
Received Import Request.
  Time since last request: 3.702193 seconds.
  path: Assets/Bow Mask 1.mask
  artifactKey: Guid(0440479247367404bb7b33e93e1b318b) Importer(815301076,1909f56bfc062723c751e8b465ee728b)
Start importing Assets/Bow Mask 1.mask using Guid(0440479247367404bb7b33e93e1b318b) Importer(815301076,1909f56bfc062723c751e8b465ee728b)  -> (artifact id: 'e6b73fb0f4691c129819cca09f155611') in 0.003817 seconds 
========================================================================
Received Import Request.
  Time since last request: 4.443127 seconds.
  path: Assets/SneakMask.mask
  artifactKey: Guid(0440479247367404bb7b33e93e1b318b) Importer(815301076,1909f56bfc062723c751e8b465ee728b)
Start importing Assets/SneakMask.mask using Guid(0440479247367404bb7b33e93e1b318b) Importer(815301076,1909f56bfc062723c751e8b465ee728b)  -> (artifact id: 'b8cba44153227e1eacaf98bfa98c99f3') in 0.003964 seconds 
========================================================================
Received Import Request.
  Time since last request: 4.006701 seconds.
  path: Assets/BowMask.mask
  artifactKey: Guid(52555e8f5ed5e4b489a1a57502f16ec9) Importer(815301076,1909f56bfc062723c751e8b465ee728b)
Start importing Assets/BowMask.mask using Guid(52555e8f5ed5e4b489a1a57502f16ec9) Importer(815301076,1909f56bfc062723c751e8b465ee728b)  -> (artifact id: '19bd502bfedc452e7c7d511e87315fd5') in 0.003939 seconds 
========================================================================
Received Import Request.
  Time since last request: 51.734058 seconds.
  path: Assets/AurynSky
  artifactKey: Guid(2f9ab6ca19c0b664387743cb2225784c) Importer(815301076,1909f56bfc062723c751e8b465ee728b)
Start importing Assets/AurynSky using Guid(2f9ab6ca19c0b664387743cb2225784c) Importer(815301076,1909f56bfc062723c751e8b465ee728b)  -> (artifact id: 'efbe2bac1781caee71276e14353ef810') in 0.001436 seconds 
========================================================================
Received Import Request.
  Time since last request: 25.032990 seconds.
  path: Assets/Lab04-resources/Part 1/Animations/2-Act/Act 2/Bow Anim.anim
  artifactKey: Guid(7729a4f809a070042b6fa5a6e8309a1e) Importer(815301076,1909f56bfc062723c751e8b465ee728b)
Start importing Assets/Lab04-resources/Part 1/Animations/2-Act/Act 2/Bow Anim.anim using Guid(7729a4f809a070042b6fa5a6e8309a1e) Importer(815301076,1909f56bfc062723c751e8b465ee728b)  -> (artifact id: 'c31d6e93c7f358b248fea285c76f2752') in 0.012151 seconds 
========================================================================
Received Import Request.
  Time since last request: 62.901464 seconds.
  path: Assets/GuardController.controller
  artifactKey: Guid(75cc3ae0295aac241a014e720fa2d73d) Importer(815301076,1909f56bfc062723c751e8b465ee728b)
Start importing Assets/GuardController.controller using Guid(75cc3ae0295aac241a014e720fa2d73d) Importer(815301076,1909f56bfc062723c751e8b465ee728b)  -> (artifact id: '1a12ec2cac1dd8a0c0ac0af9d7bdf952') in 0.031378 seconds 
========================================================================
Received Prepare
Registering precompiled user dll's ...
Registered in 0.003856 seconds.
Begin MonoManager ReloadAssembly
Symbol file LoadedFromMemory doesn't match image C:\Users\kingm\Unity Projects\AnimLab4P1\Library\PackageCache\com.unity.visualscripting@1.7.8\Editor\VisualScripting.Core\Dependencies\YamlDotNet\Unity.VisualScripting.YamlDotNet.dll
Symbol file LoadedFromMemory doesn't match image C:\Users\kingm\Unity Projects\AnimLab4P1\Library\PackageCache\com.unity.visualscripting@1.7.8\Editor\VisualScripting.Core\Dependencies\DotNetZip\Unity.VisualScripting.IonicZip.dll
Native extension for WindowsStandalone target not found
Refreshing native plugins compatible for Editor in 0.68 ms, found 3 plugins.
Preloading 0 native plugins for Editor in 0.00 ms.
Mono: successfully reloaded assembly
- Completed reload, in  0.944 seconds
Domain Reload Profiling:
	ReloadAssembly (945ms)
		BeginReloadAssembly (124ms)
			ExecutionOrderSort (0ms)
			DisableScriptedObjects (6ms)
			BackupInstance (0ms)
			ReleaseScriptingObjects (0ms)
			CreateAndSetChildDomain (34ms)
		EndReloadAssembly (738ms)
			LoadAssemblies (72ms)
			RebuildTransferFunctionScriptingTraits (0ms)
			SetupTypeCache (239ms)
			ReleaseScriptCaches (1ms)
			RebuildScriptCaches (43ms)
			SetupLoadedEditorAssemblies (340ms)
				LogAssemblyErrors (0ms)
				InitializePlatformSupportModulesInManaged (12ms)
				SetLoadedEditorAssemblies (1ms)
				RefreshPlugins (1ms)
				BeforeProcessingInitializeOnLoad (66ms)
				ProcessInitializeOnLoadAttributes (230ms)
				ProcessInitializeOnLoadMethodAttributes (26ms)
				AfterProcessingInitializeOnLoad (5ms)
				EditorAssembliesLoaded (0ms)
			ExecutionOrderSort2 (0ms)
			AwakeInstancesAfterBackupRestoration (7ms)
Platform modules already initialized, skipping
Refreshing native plugins compatible for Editor in 1.49 ms, found 3 plugins.
Preloading 0 native plugins for Editor in 0.00 ms.
Unloading 3357 Unused Serialized files (Serialized files now loaded: 0)
Unloading 20 unused Assets / (80.2 KB). Loaded Objects now: 3847.
Memory consumption went from 115.9 MB to 115.8 MB.
Total: 2.517400 ms (FindLiveObjects: 0.247300 ms CreateObjectMapping: 0.106100 ms MarkObjects: 2.080500 ms  DeleteObjects: 0.082200 ms)

AssetImportParameters requested are different than current active one (requested -> active):
  custom:video-decoder-ogg-theora: a1e56fd34408186e4bbccfd4996cb3dc -> 
  custom:container-muxer-webm: aa71ff27fc2769a1b78a27578f13a17b -> 
  custom:container-demuxer-webm: 4f35f7cbe854078d1ac9338744f61a02 -> 
  custom:video-encoder-webm-vp8: eb34c28f22e8b96e1ab97ce403110664 -> 
  custom:audio-encoder-webm-vorbis: bf7c407c2cedff20999df2af8eb42d56 -> 
  custom:framework-win-MediaFoundation: 216162199b28c13a410421893ffa2e32 -> 
  custom:container-demuxer-ogg: 62fdf1f143b41e24485cea50d1cbac27 -> 
  custom:video-decoder-webm-vp8: 9c59270c3fd7afecdb556c50c9e8de78 -> 
  custom:audio-decoder-ogg-vorbis: bf7c407c2cedff20999df2af8eb42d56 -> 
========================================================================
Received Prepare
Registering precompiled user dll's ...
Registered in 0.004364 seconds.
Begin MonoManager ReloadAssembly
Symbol file LoadedFromMemory doesn't match image C:\Users\kingm\Unity Projects\AnimLab4P1\Library\PackageCache\com.unity.visualscripting@1.7.8\Editor\VisualScripting.Core\Dependencies\YamlDotNet\Unity.VisualScripting.YamlDotNet.dll
Symbol file LoadedFromMemory doesn't match image C:\Users\kingm\Unity Projects\AnimLab4P1\Library\PackageCache\com.unity.visualscripting@1.7.8\Editor\VisualScripting.Core\Dependencies\DotNetZip\Unity.VisualScripting.IonicZip.dll
Native extension for WindowsStandalone target not found
Refreshing native plugins compatible for Editor in 0.59 ms, found 3 plugins.
Preloading 0 native plugins for Editor in 0.00 ms.
Mono: successfully reloaded assembly
- Completed reload, in  0.947 seconds
Domain Reload Profiling:
	ReloadAssembly (948ms)
		BeginReloadAssembly (119ms)
			ExecutionOrderSort (0ms)
			DisableScriptedObjects (5ms)
			BackupInstance (0ms)
			ReleaseScriptingObjects (0ms)
			CreateAndSetChildDomain (34ms)
		EndReloadAssembly (737ms)
			LoadAssemblies (70ms)
			RebuildTransferFunctionScriptingTraits (0ms)
			SetupTypeCache (246ms)
			ReleaseScriptCaches (1ms)
			RebuildScriptCaches (39ms)
			SetupLoadedEditorAssemblies (332ms)
				LogAssemblyErrors (0ms)
				InitializePlatformSupportModulesInManaged (11ms)
				SetLoadedEditorAssemblies (0ms)
				RefreshPlugins (1ms)
				BeforeProcessingInitializeOnLoad (62ms)
				ProcessInitializeOnLoadAttributes (225ms)
				ProcessInitializeOnLoadMethodAttributes (26ms)
				AfterProcessingInitializeOnLoad (7ms)
				EditorAssembliesLoaded (0ms)
			ExecutionOrderSort2 (0ms)
			AwakeInstancesAfterBackupRestoration (7ms)
Platform modules already initialized, skipping
Refreshing native plugins compatible for Editor in 2.29 ms, found 3 plugins.
Preloading 0 native plugins for Editor in 0.00 ms.
Unloading 3357 Unused Serialized files (Serialized files now loaded: 0)
Unloading 20 unused Assets / (80.2 KB). Loaded Objects now: 3850.
Memory consumption went from 115.9 MB to 115.8 MB.
Total: 2.549500 ms (FindLiveObjects: 0.221900 ms CreateObjectMapping: 0.073200 ms MarkObjects: 2.122800 ms  DeleteObjects: 0.130200 ms)

AssetImportParameters requested are different than current active one (requested -> active):
  custom:video-decoder-ogg-theora: a1e56fd34408186e4bbccfd4996cb3dc -> 
  custom:container-muxer-webm: aa71ff27fc2769a1b78a27578f13a17b -> 
  custom:container-demuxer-webm: 4f35f7cbe854078d1ac9338744f61a02 -> 
  custom:video-encoder-webm-vp8: eb34c28f22e8b96e1ab97ce403110664 -> 
  custom:audio-encoder-webm-vorbis: bf7c407c2cedff20999df2af8eb42d56 -> 
  custom:framework-win-MediaFoundation: 216162199b28c13a410421893ffa2e32 -> 
  custom:container-demuxer-ogg: 62fdf1f143b41e24485cea50d1cbac27 -> 
  custom:video-decoder-webm-vp8: 9c59270c3fd7afecdb556c50c9e8de78 -> 
  custom:audio-decoder-ogg-vorbis: bf7c407c2cedff20999df2af8eb42d56 -> 
========================================================================
Received Prepare
Registering precompiled user dll's ...
Registered in 0.004200 seconds.
Begin MonoManager ReloadAssembly
Symbol file LoadedFromMemory doesn't match image C:\Users\kingm\Unity Projects\AnimLab4P1\Library\PackageCache\com.unity.visualscripting@1.7.8\Editor\VisualScripting.Core\Dependencies\YamlDotNet\Unity.VisualScripting.YamlDotNet.dll
Symbol file LoadedFromMemory doesn't match image C:\Users\kingm\Unity Projects\AnimLab4P1\Library\PackageCache\com.unity.visualscripting@1.7.8\Editor\VisualScripting.Core\Dependencies\DotNetZip\Unity.VisualScripting.IonicZip.dll
Native extension for WindowsStandalone target not found
Refreshing native plugins compatible for Editor in 0.63 ms, found 3 plugins.
Preloading 0 native plugins for Editor in 0.00 ms.
Mono: successfully reloaded assembly
- Completed reload, in  0.974 seconds
Domain Reload Profiling:
	ReloadAssembly (975ms)
		BeginReloadAssembly (117ms)
			ExecutionOrderSort (0ms)
			DisableScriptedObjects (5ms)
			BackupInstance (0ms)
			ReleaseScriptingObjects (0ms)
			CreateAndSetChildDomain (33ms)
		EndReloadAssembly (773ms)
			LoadAssemblies (72ms)
			RebuildTransferFunctionScriptingTraits (0ms)
			SetupTypeCache (246ms)
			ReleaseScriptCaches (1ms)
			RebuildScriptCaches (43ms)
			SetupLoadedEditorAssemblies (361ms)
				LogAssemblyErrors (0ms)
				InitializePlatformSupportModulesInManaged (12ms)
				SetLoadedEditorAssemblies (0ms)
				RefreshPlugins (1ms)
				BeforeProcessingInitializeOnLoad (68ms)
				ProcessInitializeOnLoadAttributes (245ms)
				ProcessInitializeOnLoadMethodAttributes (29ms)
				AfterProcessingInitializeOnLoad (6ms)
				EditorAssembliesLoaded (0ms)
			ExecutionOrderSort2 (0ms)
			AwakeInstancesAfterBackupRestoration (6ms)
Platform modules already initialized, skipping
Refreshing native plugins compatible for Editor in 2.06 ms, found 3 plugins.
Preloading 0 native plugins for Editor in 0.00 ms.
Unloading 3357 Unused Serialized files (Serialized files now loaded: 0)
Unloading 20 unused Assets / (80.2 KB). Loaded Objects now: 3853.
Memory consumption went from 115.9 MB to 115.8 MB.
Total: 2.617300 ms (FindLiveObjects: 0.227600 ms CreateObjectMapping: 0.080100 ms MarkObjects: 2.212800 ms  DeleteObjects: 0.095700 ms)

AssetImportParameters requested are different than current active one (requested -> active):
  custom:video-decoder-ogg-theora: a1e56fd34408186e4bbccfd4996cb3dc -> 
  custom:container-muxer-webm: aa71ff27fc2769a1b78a27578f13a17b -> 
  custom:container-demuxer-webm: 4f35f7cbe854078d1ac9338744f61a02 -> 
  custom:video-encoder-webm-vp8: eb34c28f22e8b96e1ab97ce403110664 -> 
  custom:audio-encoder-webm-vorbis: bf7c407c2cedff20999df2af8eb42d56 -> 
  custom:framework-win-MediaFoundation: 216162199b28c13a410421893ffa2e32 -> 
  custom:container-demuxer-ogg: 62fdf1f143b41e24485cea50d1cbac27 -> 
  custom:video-decoder-webm-vp8: 9c59270c3fd7afecdb556c50c9e8de78 -> 
  custom:audio-decoder-ogg-vorbis: bf7c407c2cedff20999df2af8eb42d56 -> 
========================================================================
Received Import Request.
  Time since last request: 593.143602 seconds.
  path: Assets/AurynSky/Gems Ultimate Pack
  artifactKey: Guid(848d6d02b53053143b68e48fcdf55efd) Importer(815301076,1909f56bfc062723c751e8b465ee728b)
Start importing Assets/AurynSky/Gems Ultimate Pack using Guid(848d6d02b53053143b68e48fcdf55efd) Importer(815301076,1909f56bfc062723c751e8b465ee728b)  -> (artifact id: '6892bb650661f9cc39933498711cf5e0') in 0.007459 seconds 
========================================================================
Received Import Request.
  Time since last request: 2.407913 seconds.
  path: Assets/AurynSky/Gems Ultimate Pack/Materials
  artifactKey: Guid(bde12267b5e55de4997ed6dffcbfc87e) Importer(815301076,1909f56bfc062723c751e8b465ee728b)
Start importing Assets/AurynSky/Gems Ultimate Pack/Materials using Guid(bde12267b5e55de4997ed6dffcbfc87e) Importer(815301076,1909f56bfc062723c751e8b465ee728b)  -> (artifact id: '1a2906de10b50349c5838be02fb1aa83') in 0.001692 seconds 
========================================================================
Received Import Request.
  Time since last request: 0.034808 seconds.
  path: Assets/AurynSky/Gems Ultimate Pack/Materials/BG.mat
  artifactKey: Guid(5c623d53aca45c44586ec2d14fef488e) Importer(815301076,1909f56bfc062723c751e8b465ee728b)
Start importing Assets/AurynSky/Gems Ultimate Pack/Materials/BG.mat using Guid(5c623d53aca45c44586ec2d14fef488e) Importer(815301076,1909f56bfc062723c751e8b465ee728b)  -> (artifact id: '98fdbaa382ea51d718ced9bdd319dc64') in 0.122277 seconds 
========================================================================
Received Import Request.
  Time since last request: 0.000021 seconds.
  path: Assets/AurynSky/Gems Ultimate Pack/Materials/Material.mat
  artifactKey: Guid(a5ab27f24d140594197755b8c9ee7179) Importer(815301076,1909f56bfc062723c751e8b465ee728b)
Start importing Assets/AurynSky/Gems Ultimate Pack/Materials/Material.mat using Guid(a5ab27f24d140594197755b8c9ee7179) Importer(815301076,1909f56bfc062723c751e8b465ee728b)  -> (artifact id: '191cbf264d9f3f6af3686d3200838cfe') in 0.009849 seconds 
========================================================================
Received Import Request.
  Time since last request: 0.000037 seconds.
  path: Assets/AurynSky/Gems Ultimate Pack/Materials/Yellow.mat
  artifactKey: Guid(640dc2f025ee433489ca50d9f685de47) Importer(815301076,1909f56bfc062723c751e8b465ee728b)
Start importing Assets/AurynSky/Gems Ultimate Pack/Materials/Yellow.mat using Guid(640dc2f025ee433489ca50d9f685de47) Importer(815301076,1909f56bfc062723c751e8b465ee728b)  -> (artifact id: 'af85ef11888906700495a323a5b55938') in 0.012187 seconds 
========================================================================
Received Import Request.
  Time since last request: 0.000038 seconds.
  path: Assets/AurynSky/Gems Ultimate Pack/Materials/Purple.mat
  artifactKey: Guid(152a75409221b6244be7b0063172b666) Importer(815301076,1909f56bfc062723c751e8b465ee728b)
Start importing Assets/AurynSky/Gems Ultimate Pack/Materials/Purple.mat using Guid(152a75409221b6244be7b0063172b666) Importer(815301076,1909f56bfc062723c751e8b465ee728b)  -> (artifact id: '8fb3bbc74f7c0e79914f7af43796a5ac') in 0.009313 seconds 
========================================================================
Received Import Request.
  Time since last request: 0.000021 seconds.
  path: Assets/AurynSky/Gems Ultimate Pack/Materials/Blue.mat
  artifactKey: Guid(d3fdd53a2b5dd904fad8d824266a4cad) Importer(815301076,1909f56bfc062723c751e8b465ee728b)
Start importing Assets/AurynSky/Gems Ultimate Pack/Materials/Blue.mat using Guid(d3fdd53a2b5dd904fad8d824266a4cad) Importer(815301076,1909f56bfc062723c751e8b465ee728b)  -> (artifact id: '836f691205ce0eac0b2a18750e573d92') in 0.008618 seconds 
========================================================================
Received Import Request.
  Time since last request: 2.209621 seconds.
  path: Assets/AurynSky/Gems Ultimate Pack/Models
  artifactKey: Guid(e0cd51884e8322444a3b3146b5e8284a) Importer(815301076,1909f56bfc062723c751e8b465ee728b)
Start importing Assets/AurynSky/Gems Ultimate Pack/Models using Guid(e0cd51884e8322444a3b3146b5e8284a) Importer(815301076,1909f56bfc062723c751e8b465ee728b)  -> (artifact id: '55defe4c9de7dcf206276bc62f95c13b') in 0.001685 seconds 
========================================================================
Received Import Request.
  Time since last request: 0.033498 seconds.
  path: Assets/AurynSky/Gems Ultimate Pack/Models/4 Side Diamond.fbx
  artifactKey: Guid(a59faa6df8bd9cd4c8779604face71a1) Importer(815301076,1909f56bfc062723c751e8b465ee728b)
Start importing Assets/AurynSky/Gems Ultimate Pack/Models/4 Side Diamond.fbx using Guid(a59faa6df8bd9cd4c8779604face71a1) Importer(815301076,1909f56bfc062723c751e8b465ee728b)  -> (artifact id: '2dc2776d0699b294f5921c7fbc57e7cb') in 0.035497 seconds 
========================================================================
Received Import Request.
  Time since last request: 0.000018 seconds.
  path: Assets/AurynSky/Gems Ultimate Pack/Models/SphereGemLarge.fbx
  artifactKey: Guid(3be870bd3141f9741b70abdfb4242cb6) Importer(815301076,1909f56bfc062723c751e8b465ee728b)
Start importing Assets/AurynSky/Gems Ultimate Pack/Models/SphereGemLarge.fbx using Guid(3be870bd3141f9741b70abdfb4242cb6) Importer(815301076,1909f56bfc062723c751e8b465ee728b)  -> (artifact id: '625d930e35d950008f237a38a684b5e6') in 0.015178 seconds 
========================================================================
Received Import Request.
  Time since last request: 0.000022 seconds.
  path: Assets/AurynSky/Gems Ultimate Pack/Models/SoftStar.fbx
  artifactKey: Guid(bc0cdff0b0fdafc46bbdbda4b3717d71) Importer(815301076,1909f56bfc062723c751e8b465ee728b)
Start importing Assets/AurynSky/Gems Ultimate Pack/Models/SoftStar.fbx using Guid(bc0cdff0b0fdafc46bbdbda4b3717d71) Importer(815301076,1909f56bfc062723c751e8b465ee728b)  -> (artifact id: '7a1c0aec6a8a55141044f6726eb86501') in 0.020992 seconds 
========================================================================
Received Import Request.
  Time since last request: 0.000022 seconds.
  path: Assets/AurynSky/Gems Ultimate Pack/Models/Diamondo.fbx
  artifactKey: Guid(911b2aca4190de843ba6fc029bf3734d) Importer(815301076,1909f56bfc062723c751e8b465ee728b)
Start importing Assets/AurynSky/Gems Ultimate Pack/Models/Diamondo.fbx using Guid(911b2aca4190de843ba6fc029bf3734d) Importer(815301076,1909f56bfc062723c751e8b465ee728b)  -> (artifact id: 'bc39d61f646c5b4df4e87133c629ca57') in 0.019065 seconds 
========================================================================
Received Import Request.
  Time since last request: 0.000020 seconds.
  path: Assets/AurynSky/Gems Ultimate Pack/Models/Hexgon.fbx
  artifactKey: Guid(88298ecb4d0fcff45879b1338c17fe54) Importer(815301076,1909f56bfc062723c751e8b465ee728b)
Start importing Assets/AurynSky/Gems Ultimate Pack/Models/Hexgon.fbx using Guid(88298ecb4d0fcff45879b1338c17fe54) Importer(815301076,1909f56bfc062723c751e8b465ee728b)  -> (artifact id: '5cc43f3409ff47ce28f158a3c3f39abe') in 0.024879 seconds 
========================================================================
Received Import Request.
  Time since last request: 0.000022 seconds.
  path: Assets/AurynSky/Gems Ultimate Pack/Models/BeveledStar.fbx
  artifactKey: Guid(fce0ecff534816b49af71ef31033c259) Importer(815301076,1909f56bfc062723c751e8b465ee728b)
Start importing Assets/AurynSky/Gems Ultimate Pack/Models/BeveledStar.fbx using Guid(fce0ecff534816b49af71ef31033c259) Importer(815301076,1909f56bfc062723c751e8b465ee728b)  -> (artifact id: '6868913ed896c0104ecc1d8b2c03adf6') in 0.015690 seconds 
========================================================================
Received Import Request.
  Time since last request: 0.000019 seconds.
  path: Assets/AurynSky/Gems Ultimate Pack/Models/Diamondo5side.fbx
  artifactKey: Guid(6217dd83a11a7df46b82193c138a8ce2) Importer(815301076,1909f56bfc062723c751e8b465ee728b)
Start importing Assets/AurynSky/Gems Ultimate Pack/Models/Diamondo5side.fbx using Guid(6217dd83a11a7df46b82193c138a8ce2) Importer(815301076,1909f56bfc062723c751e8b465ee728b)  -> (artifact id: '5fa044fda92f667c2b5551faaa57132d') in 0.016786 seconds 
========================================================================
Received Import Request.
  Time since last request: 0.000062 seconds.
  path: Assets/AurynSky/Gems Ultimate Pack/Models/Heart.fbx
  artifactKey: Guid(f5e70b692f804d346a44df961b6ad5a8) Importer(815301076,1909f56bfc062723c751e8b465ee728b)
Start importing Assets/AurynSky/Gems Ultimate Pack/Models/Heart.fbx using Guid(f5e70b692f804d346a44df961b6ad5a8) Importer(815301076,1909f56bfc062723c751e8b465ee728b)  -> (artifact id: '964866788f29efe625326bc1d49d4b02') in 0.014347 seconds 
========================================================================
Received Import Request.
  Time since last request: 6.822308 seconds.
  path: Assets/AurynSky/Gems Ultimate Pack/Prefabs/5 Side Diamond.prefab
  artifactKey: Guid(c3c0707254334a64ca8198f7486e977d) Importer(815301076,1909f56bfc062723c751e8b465ee728b)
Start importing Assets/AurynSky/Gems Ultimate Pack/Prefabs/5 Side Diamond.prefab using Guid(c3c0707254334a64ca8198f7486e977d) Importer(815301076,1909f56bfc062723c751e8b465ee728b)  -> (artifact id: '41e8cbb377317f90ffa6a6593abc50e3') in 0.009559 seconds 
========================================================================
Received Import Request.
  Time since last request: 0.000019 seconds.
  path: Assets/AurynSky/Gems Ultimate Pack/Prefabs/Cuboid.prefab
  artifactKey: Guid(6a7274aefcc6cef4fbbfba924cc7f657) Importer(815301076,1909f56bfc062723c751e8b465ee728b)
Start importing Assets/AurynSky/Gems Ultimate Pack/Prefabs/Cuboid.prefab using Guid(6a7274aefcc6cef4fbbfba924cc7f657) Importer(815301076,1909f56bfc062723c751e8b465ee728b)  -> (artifact id: '97b6bd2fc92bbff8c64ab9c19fd3206f') in 0.007242 seconds 
========================================================================
Received Import Request.
  Time since last request: 0.000020 seconds.
  path: Assets/AurynSky/Gems Ultimate Pack/Prefabs/Diamondo.prefab
  artifactKey: Guid(5c02591794acece409986647ed6329a7) Importer(815301076,1909f56bfc062723c751e8b465ee728b)
Start importing Assets/AurynSky/Gems Ultimate Pack/Prefabs/Diamondo.prefab using Guid(5c02591794acece409986647ed6329a7) Importer(815301076,1909f56bfc062723c751e8b465ee728b)  -> (artifact id: '5136c8dc1559744c68ee8783ba119cdd') in 0.006569 seconds 
========================================================================
Received Import Request.
  Time since last request: 0.000020 seconds.
  path: Assets/AurynSky/Gems Ultimate Pack/Prefabs/Hexgon.prefab
  artifactKey: Guid(676e107eeafc5524b97910d76516565d) Importer(815301076,1909f56bfc062723c751e8b465ee728b)
Start importing Assets/AurynSky/Gems Ultimate Pack/Prefabs/Hexgon.prefab using Guid(676e107eeafc5524b97910d76516565d) Importer(815301076,1909f56bfc062723c751e8b465ee728b)  -> (artifact id: 'ad933421216975993bd28baf2b775b48') in 0.006907 seconds 
========================================================================
Received Import Request.
  Time since last request: 0.000023 seconds.
  path: Assets/AurynSky/Gems Ultimate Pack/Prefabs/SphereGemLarge.prefab
  artifactKey: Guid(8b40cffea67202d4bbf662b25de4c94a) Importer(815301076,1909f56bfc062723c751e8b465ee728b)
Start importing Assets/AurynSky/Gems Ultimate Pack/Prefabs/SphereGemLarge.prefab using Guid(8b40cffea67202d4bbf662b25de4c94a) Importer(815301076,1909f56bfc062723c751e8b465ee728b)  -> (artifact id: 'ef2340a3b4755c64499a01a026b48794') in 0.009464 seconds 
========================================================================
Received Import Request.
  Time since last request: 0.000028 seconds.
  path: Assets/AurynSky/Gems Ultimate Pack/Prefabs/HardStar.prefab
  artifactKey: Guid(c4bf8b30fce268044a786a8600922324) Importer(815301076,1909f56bfc062723c751e8b465ee728b)
Start importing Assets/AurynSky/Gems Ultimate Pack/Prefabs/HardStar.prefab using Guid(c4bf8b30fce268044a786a8600922324) Importer(815301076,1909f56bfc062723c751e8b465ee728b)  -> (artifact id: 'dfdb14a27ef0f87ac540df8dbd217c32') in 0.009719 seconds 
========================================================================
Received Import Request.
  Time since last request: 0.000030 seconds.
  path: Assets/AurynSky/Gems Ultimate Pack/Prefabs/CubieBeveled.prefab
  artifactKey: Guid(b34bf25cecb5fc24c91de3edea19cb13) Importer(815301076,1909f56bfc062723c751e8b465ee728b)
Start importing Assets/AurynSky/Gems Ultimate Pack/Prefabs/CubieBeveled.prefab using Guid(b34bf25cecb5fc24c91de3edea19cb13) Importer(815301076,1909f56bfc062723c751e8b465ee728b)  -> (artifact id: 'd23ee6b519f97e20332f418fe7c59a55') in 0.010251 seconds 
========================================================================
Received Import Request.
  Time since last request: 0.000050 seconds.
  path: Assets/AurynSky/Gems Ultimate Pack/Prefabs/Spiral.prefab
  artifactKey: Guid(586acbe765df7c34385298970076297e) Importer(815301076,1909f56bfc062723c751e8b465ee728b)
Start importing Assets/AurynSky/Gems Ultimate Pack/Prefabs/Spiral.prefab using Guid(586acbe765df7c34385298970076297e) Importer(815301076,1909f56bfc062723c751e8b465ee728b)  -> (artifact id: 'de589c20d6424459cf965a670468e505') in 0.008247 seconds 
========================================================================
Received Prepare
Registering precompiled user dll's ...
Registered in 0.003726 seconds.
Begin MonoManager ReloadAssembly
Symbol file LoadedFromMemory doesn't match image C:\Users\kingm\Unity Projects\AnimLab4P1\Library\PackageCache\com.unity.visualscripting@1.7.8\Editor\VisualScripting.Core\Dependencies\YamlDotNet\Unity.VisualScripting.YamlDotNet.dll
Symbol file LoadedFromMemory doesn't match image C:\Users\kingm\Unity Projects\AnimLab4P1\Library\PackageCache\com.unity.visualscripting@1.7.8\Editor\VisualScripting.Core\Dependencies\DotNetZip\Unity.VisualScripting.IonicZip.dll
Native extension for WindowsStandalone target not found
Refreshing native plugins compatible for Editor in 0.64 ms, found 3 plugins.
Preloading 0 native plugins for Editor in 0.00 ms.
Mono: successfully reloaded assembly
- Completed reload, in  0.929 seconds
Domain Reload Profiling:
	ReloadAssembly (930ms)
		BeginReloadAssembly (116ms)
			ExecutionOrderSort (0ms)
			DisableScriptedObjects (4ms)
			BackupInstance (0ms)
			ReleaseScriptingObjects (0ms)
			CreateAndSetChildDomain (34ms)
		EndReloadAssembly (711ms)
			LoadAssemblies (68ms)
			RebuildTransferFunctionScriptingTraits (0ms)
			SetupTypeCache (229ms)
			ReleaseScriptCaches (1ms)
			RebuildScriptCaches (41ms)
			SetupLoadedEditorAssemblies (325ms)
				LogAssemblyErrors (0ms)
				InitializePlatformSupportModulesInManaged (11ms)
				SetLoadedEditorAssemblies (0ms)
				RefreshPlugins (1ms)
				BeforeProcessingInitializeOnLoad (65ms)
				ProcessInitializeOnLoadAttributes (219ms)
				ProcessInitializeOnLoadMethodAttributes (23ms)
				AfterProcessingInitializeOnLoad (6ms)
				EditorAssembliesLoaded (0ms)
			ExecutionOrderSort2 (0ms)
			AwakeInstancesAfterBackupRestoration (6ms)
Platform modules already initialized, skipping
Refreshing native plugins compatible for Editor in 2.36 ms, found 3 plugins.
Preloading 0 native plugins for Editor in 0.00 ms.
Unloading 3357 Unused Serialized files (Serialized files now loaded: 0)
Unloading 20 unused Assets / (80.2 KB). Loaded Objects now: 3899.
Memory consumption went from 120.8 MB to 120.7 MB.
Total: 2.346900 ms (FindLiveObjects: 0.217100 ms CreateObjectMapping: 0.077700 ms MarkObjects: 1.955800 ms  DeleteObjects: 0.095300 ms)

AssetImportParameters requested are different than current active one (requested -> active):
  custom:video-decoder-ogg-theora: a1e56fd34408186e4bbccfd4996cb3dc -> 
  custom:container-muxer-webm: aa71ff27fc2769a1b78a27578f13a17b -> 
  custom:container-demuxer-webm: 4f35f7cbe854078d1ac9338744f61a02 -> 
  custom:video-encoder-webm-vp8: eb34c28f22e8b96e1ab97ce403110664 -> 
  custom:audio-encoder-webm-vorbis: bf7c407c2cedff20999df2af8eb42d56 -> 
  custom:framework-win-MediaFoundation: 216162199b28c13a410421893ffa2e32 -> 
  custom:container-demuxer-ogg: 62fdf1f143b41e24485cea50d1cbac27 -> 
  custom:video-decoder-webm-vp8: 9c59270c3fd7afecdb556c50c9e8de78 -> 
  custom:audio-decoder-ogg-vorbis: bf7c407c2cedff20999df2af8eb42d56 -> 
========================================================================
Received Prepare
Registering precompiled user dll's ...
Registered in 0.004895 seconds.
Begin MonoManager ReloadAssembly
Symbol file LoadedFromMemory doesn't match image C:\Users\kingm\Unity Projects\AnimLab4P1\Library\PackageCache\com.unity.visualscripting@1.7.8\Editor\VisualScripting.Core\Dependencies\YamlDotNet\Unity.VisualScripting.YamlDotNet.dll
Symbol file LoadedFromMemory doesn't match image C:\Users\kingm\Unity Projects\AnimLab4P1\Library\PackageCache\com.unity.visualscripting@1.7.8\Editor\VisualScripting.Core\Dependencies\DotNetZip\Unity.VisualScripting.IonicZip.dll
Native extension for WindowsStandalone target not found
Refreshing native plugins compatible for Editor in 0.57 ms, found 3 plugins.
Preloading 0 native plugins for Editor in 0.00 ms.
Mono: successfully reloaded assembly
- Completed reload, in  0.952 seconds
Domain Reload Profiling:
	ReloadAssembly (953ms)
		BeginReloadAssembly (118ms)
			ExecutionOrderSort (0ms)
			DisableScriptedObjects (5ms)
			BackupInstance (0ms)
			ReleaseScriptingObjects (0ms)
			CreateAndSetChildDomain (39ms)
		EndReloadAssembly (751ms)
			LoadAssemblies (68ms)
			RebuildTransferFunctionScriptingTraits (0ms)
			SetupTypeCache (247ms)
			ReleaseScriptCaches (1ms)
			RebuildScriptCaches (45ms)
			SetupLoadedEditorAssemblies (342ms)
				LogAssemblyErrors (0ms)
				InitializePlatformSupportModulesInManaged (12ms)
				SetLoadedEditorAssemblies (1ms)
				RefreshPlugins (1ms)
				BeforeProcessingInitializeOnLoad (66ms)
				ProcessInitializeOnLoadAttributes (230ms)
				ProcessInitializeOnLoadMethodAttributes (27ms)
				AfterProcessingInitializeOnLoad (5ms)
				EditorAssembliesLoaded (0ms)
			ExecutionOrderSort2 (0ms)
			AwakeInstancesAfterBackupRestoration (5ms)
Platform modules already initialized, skipping
Refreshing native plugins compatible for Editor in 1.63 ms, found 3 plugins.
Preloading 0 native plugins for Editor in 0.00 ms.
Unloading 3357 Unused Serialized files (Serialized files now loaded: 0)
Unloading 20 unused Assets / (80.2 KB). Loaded Objects now: 3902.
Memory consumption went from 120.8 MB to 120.7 MB.
Total: 2.458000 ms (FindLiveObjects: 0.237000 ms CreateObjectMapping: 0.076900 ms MarkObjects: 2.043300 ms  DeleteObjects: 0.098400 ms)

AssetImportParameters requested are different than current active one (requested -> active):
  custom:video-decoder-ogg-theora: a1e56fd34408186e4bbccfd4996cb3dc -> 
  custom:container-muxer-webm: aa71ff27fc2769a1b78a27578f13a17b -> 
  custom:container-demuxer-webm: 4f35f7cbe854078d1ac9338744f61a02 -> 
  custom:video-encoder-webm-vp8: eb34c28f22e8b96e1ab97ce403110664 -> 
  custom:audio-encoder-webm-vorbis: bf7c407c2cedff20999df2af8eb42d56 -> 
  custom:framework-win-MediaFoundation: 216162199b28c13a410421893ffa2e32 -> 
  custom:container-demuxer-ogg: 62fdf1f143b41e24485cea50d1cbac27 -> 
  custom:video-decoder-webm-vp8: 9c59270c3fd7afecdb556c50c9e8de78 -> 
  custom:audio-decoder-ogg-vorbis: bf7c407c2cedff20999df2af8eb42d56 -> 
========================================================================
Received Prepare
Registering precompiled user dll's ...
Registered in 0.003725 seconds.
Begin MonoManager ReloadAssembly
Symbol file LoadedFromMemory doesn't match image C:\Users\kingm\Unity Projects\AnimLab4P1\Library\PackageCache\com.unity.visualscripting@1.7.8\Editor\VisualScripting.Core\Dependencies\YamlDotNet\Unity.VisualScripting.YamlDotNet.dll
Symbol file LoadedFromMemory doesn't match image C:\Users\kingm\Unity Projects\AnimLab4P1\Library\PackageCache\com.unity.visualscripting@1.7.8\Editor\VisualScripting.Core\Dependencies\DotNetZip\Unity.VisualScripting.IonicZip.dll
Native extension for WindowsStandalone target not found
Refreshing native plugins compatible for Editor in 0.57 ms, found 3 plugins.
Preloading 0 native plugins for Editor in 0.00 ms.
Mono: successfully reloaded assembly
- Completed reload, in  0.916 seconds
Domain Reload Profiling:
	ReloadAssembly (917ms)
		BeginReloadAssembly (115ms)
			ExecutionOrderSort (0ms)
			DisableScriptedObjects (6ms)
			BackupInstance (0ms)
			ReleaseScriptingObjects (0ms)
			CreateAndSetChildDomain (31ms)
		EndReloadAssembly (718ms)
			LoadAssemblies (70ms)
			RebuildTransferFunctionScriptingTraits (0ms)
			SetupTypeCache (235ms)
			ReleaseScriptCaches (1ms)
			RebuildScriptCaches (42ms)
			SetupLoadedEditorAssemblies (325ms)
				LogAssemblyErrors (0ms)
				InitializePlatformSupportModulesInManaged (11ms)
				SetLoadedEditorAssemblies (0ms)
				RefreshPlugins (1ms)
				BeforeProcessingInitializeOnLoad (65ms)
				ProcessInitializeOnLoadAttributes (218ms)
				ProcessInitializeOnLoadMethodAttributes (23ms)
				AfterProcessingInitializeOnLoad (6ms)
				EditorAssembliesLoaded (0ms)
			ExecutionOrderSort2 (0ms)
			AwakeInstancesAfterBackupRestoration (5ms)
Platform modules already initialized, skipping
Refreshing native plugins compatible for Editor in 1.74 ms, found 3 plugins.
Preloading 0 native plugins for Editor in 0.00 ms.
Unloading 3357 Unused Serialized files (Serialized files now loaded: 0)
Unloading 20 unused Assets / (80.3 KB). Loaded Objects now: 3905.
Memory consumption went from 120.8 MB to 120.7 MB.
Total: 2.684000 ms (FindLiveObjects: 0.230200 ms CreateObjectMapping: 0.079600 ms MarkObjects: 2.278900 ms  DeleteObjects: 0.093600 ms)

AssetImportParameters requested are different than current active one (requested -> active):
  custom:video-decoder-ogg-theora: a1e56fd34408186e4bbccfd4996cb3dc -> 
  custom:container-muxer-webm: aa71ff27fc2769a1b78a27578f13a17b -> 
  custom:container-demuxer-webm: 4f35f7cbe854078d1ac9338744f61a02 -> 
  custom:video-encoder-webm-vp8: eb34c28f22e8b96e1ab97ce403110664 -> 
  custom:audio-encoder-webm-vorbis: bf7c407c2cedff20999df2af8eb42d56 -> 
  custom:framework-win-MediaFoundation: 216162199b28c13a410421893ffa2e32 -> 
  custom:container-demuxer-ogg: 62fdf1f143b41e24485cea50d1cbac27 -> 
  custom:video-decoder-webm-vp8: 9c59270c3fd7afecdb556c50c9e8de78 -> 
  custom:audio-decoder-ogg-vorbis: bf7c407c2cedff20999df2af8eb42d56 -> 
========================================================================
Received Prepare
Registering precompiled user dll's ...
Registered in 0.003876 seconds.
Begin MonoManager ReloadAssembly
Symbol file LoadedFromMemory doesn't match image C:\Users\kingm\Unity Projects\AnimLab4P1\Library\PackageCache\com.unity.visualscripting@1.7.8\Editor\VisualScripting.Core\Dependencies\YamlDotNet\Unity.VisualScripting.YamlDotNet.dll
Symbol file LoadedFromMemory doesn't match image C:\Users\kingm\Unity Projects\AnimLab4P1\Library\PackageCache\com.unity.visualscripting@1.7.8\Editor\VisualScripting.Core\Dependencies\DotNetZip\Unity.VisualScripting.IonicZip.dll
Native extension for WindowsStandalone target not found
Refreshing native plugins compatible for Editor in 0.57 ms, found 3 plugins.
Preloading 0 native plugins for Editor in 0.00 ms.
Mono: successfully reloaded assembly
- Completed reload, in  0.968 seconds
Domain Reload Profiling:
	ReloadAssembly (969ms)
		BeginReloadAssembly (129ms)
			ExecutionOrderSort (0ms)
			DisableScriptedObjects (5ms)
			BackupInstance (0ms)
			ReleaseScriptingObjects (0ms)
			CreateAndSetChildDomain (41ms)
		EndReloadAssembly (761ms)
			LoadAssemblies (74ms)
			RebuildTransferFunctionScriptingTraits (0ms)
			SetupTypeCache (240ms)
			ReleaseScriptCaches (1ms)
			RebuildScriptCaches (45ms)
			SetupLoadedEditorAssemblies (352ms)
				LogAssemblyErrors (0ms)
				InitializePlatformSupportModulesInManaged (12ms)
				SetLoadedEditorAssemblies (0ms)
				RefreshPlugins (1ms)
				BeforeProcessingInitializeOnLoad (66ms)
				ProcessInitializeOnLoadAttributes (239ms)
				ProcessInitializeOnLoadMethodAttributes (28ms)
				AfterProcessingInitializeOnLoad (6ms)
				EditorAssembliesLoaded (0ms)
			ExecutionOrderSort2 (0ms)
			AwakeInstancesAfterBackupRestoration (7ms)
Platform modules already initialized, skipping
Refreshing native plugins compatible for Editor in 2.05 ms, found 3 plugins.
Preloading 0 native plugins for Editor in 0.00 ms.
Unloading 3357 Unused Serialized files (Serialized files now loaded: 0)
Unloading 20 unused Assets / (80.2 KB). Loaded Objects now: 3908.
Memory consumption went from 120.8 MB to 120.7 MB.
Total: 3.033500 ms (FindLiveObjects: 0.287300 ms CreateObjectMapping: 0.090500 ms MarkObjects: 2.543400 ms  DeleteObjects: 0.110200 ms)

AssetImportParameters requested are different than current active one (requested -> active):
  custom:video-decoder-ogg-theora: a1e56fd34408186e4bbccfd4996cb3dc -> 
  custom:container-muxer-webm: aa71ff27fc2769a1b78a27578f13a17b -> 
  custom:container-demuxer-webm: 4f35f7cbe854078d1ac9338744f61a02 -> 
  custom:video-encoder-webm-vp8: eb34c28f22e8b96e1ab97ce403110664 -> 
  custom:audio-encoder-webm-vorbis: bf7c407c2cedff20999df2af8eb42d56 -> 
  custom:framework-win-MediaFoundation: 216162199b28c13a410421893ffa2e32 -> 
  custom:container-demuxer-ogg: 62fdf1f143b41e24485cea50d1cbac27 -> 
  custom:video-decoder-webm-vp8: 9c59270c3fd7afecdb556c50c9e8de78 -> 
  custom:audio-decoder-ogg-vorbis: bf7c407c2cedff20999df2af8eb42d56 -> 
========================================================================
Received Prepare
Registering precompiled user dll's ...
Registered in 0.004700 seconds.
Begin MonoManager ReloadAssembly
Symbol file LoadedFromMemory doesn't match image C:\Users\kingm\Unity Projects\AnimLab4P1\Library\PackageCache\com.unity.visualscripting@1.7.8\Editor\VisualScripting.Core\Dependencies\YamlDotNet\Unity.VisualScripting.YamlDotNet.dll
Symbol file LoadedFromMemory doesn't match image C:\Users\kingm\Unity Projects\AnimLab4P1\Library\PackageCache\com.unity.visualscripting@1.7.8\Editor\VisualScripting.Core\Dependencies\DotNetZip\Unity.VisualScripting.IonicZip.dll
Native extension for WindowsStandalone target not found
Refreshing native plugins compatible for Editor in 0.61 ms, found 3 plugins.
Preloading 0 native plugins for Editor in 0.00 ms.
Mono: successfully reloaded assembly
- Completed reload, in  0.938 seconds
Domain Reload Profiling:
	ReloadAssembly (938ms)
		BeginReloadAssembly (125ms)
			ExecutionOrderSort (0ms)
			DisableScriptedObjects (8ms)
			BackupInstance (0ms)
			ReleaseScriptingObjects (0ms)
			CreateAndSetChildDomain (31ms)
		EndReloadAssembly (724ms)
			LoadAssemblies (79ms)
			RebuildTransferFunctionScriptingTraits (0ms)
			SetupTypeCache (245ms)
			ReleaseScriptCaches (1ms)
			RebuildScriptCaches (38ms)
			SetupLoadedEditorAssemblies (321ms)
				LogAssemblyErrors (0ms)
				InitializePlatformSupportModulesInManaged (13ms)
				SetLoadedEditorAssemblies (0ms)
				RefreshPlugins (1ms)
				BeforeProcessingInitializeOnLoad (61ms)
				ProcessInitializeOnLoadAttributes (215ms)
				ProcessInitializeOnLoadMethodAttributes (25ms)
				AfterProcessingInitializeOnLoad (5ms)
				EditorAssembliesLoaded (0ms)
			ExecutionOrderSort2 (0ms)
			AwakeInstancesAfterBackupRestoration (5ms)
Platform modules already initialized, skipping
Refreshing native plugins compatible for Editor in 1.67 ms, found 3 plugins.
Preloading 0 native plugins for Editor in 0.00 ms.
Unloading 3357 Unused Serialized files (Serialized files now loaded: 0)
Unloading 20 unused Assets / (80.2 KB). Loaded Objects now: 3911.
Memory consumption went from 120.8 MB to 120.7 MB.
Total: 2.384300 ms (FindLiveObjects: 0.291100 ms CreateObjectMapping: 0.100900 ms MarkObjects: 1.911500 ms  DeleteObjects: 0.079600 ms)

AssetImportParameters requested are different than current active one (requested -> active):
  custom:video-decoder-ogg-theora: a1e56fd34408186e4bbccfd4996cb3dc -> 
  custom:container-muxer-webm: aa71ff27fc2769a1b78a27578f13a17b -> 
  custom:container-demuxer-webm: 4f35f7cbe854078d1ac9338744f61a02 -> 
  custom:video-encoder-webm-vp8: eb34c28f22e8b96e1ab97ce403110664 -> 
  custom:audio-encoder-webm-vorbis: bf7c407c2cedff20999df2af8eb42d56 -> 
  custom:framework-win-MediaFoundation: 216162199b28c13a410421893ffa2e32 -> 
  custom:container-demuxer-ogg: 62fdf1f143b41e24485cea50d1cbac27 -> 
  custom:video-decoder-webm-vp8: 9c59270c3fd7afecdb556c50c9e8de78 -> 
  custom:audio-decoder-ogg-vorbis: bf7c407c2cedff20999df2af8eb42d56 -> 
========================================================================
Received Prepare
Registering precompiled user dll's ...
Registered in 0.003801 seconds.
Begin MonoManager ReloadAssembly
Symbol file LoadedFromMemory doesn't match image C:\Users\kingm\Unity Projects\AnimLab4P1\Library\PackageCache\com.unity.visualscripting@1.7.8\Editor\VisualScripting.Core\Dependencies\YamlDotNet\Unity.VisualScripting.YamlDotNet.dll
Symbol file LoadedFromMemory doesn't match image C:\Users\kingm\Unity Projects\AnimLab4P1\Library\PackageCache\com.unity.visualscripting@1.7.8\Editor\VisualScripting.Core\Dependencies\DotNetZip\Unity.VisualScripting.IonicZip.dll
Native extension for WindowsStandalone target not found
Refreshing native plugins compatible for Editor in 0.58 ms, found 3 plugins.
Preloading 0 native plugins for Editor in 0.00 ms.
Mono: successfully reloaded assembly
- Completed reload, in  0.943 seconds
Domain Reload Profiling:
	ReloadAssembly (943ms)
		BeginReloadAssembly (125ms)
			ExecutionOrderSort (0ms)
			DisableScriptedObjects (6ms)
			BackupInstance (0ms)
			ReleaseScriptingObjects (0ms)
			CreateAndSetChildDomain (35ms)
		EndReloadAssembly (737ms)
			LoadAssemblies (77ms)
			RebuildTransferFunctionScriptingTraits (0ms)
			SetupTypeCache (240ms)
			ReleaseScriptCaches (2ms)
			RebuildScriptCaches (44ms)
			SetupLoadedEditorAssemblies (336ms)
				LogAssemblyErrors (0ms)
				InitializePlatformSupportModulesInManaged (14ms)
				SetLoadedEditorAssemblies (0ms)
				RefreshPlugins (1ms)
				BeforeProcessingInitializeOnLoad (65ms)
				ProcessInitializeOnLoadAttributes (225ms)
				ProcessInitializeOnLoadMethodAttributes (27ms)
				AfterProcessingInitializeOnLoad (5ms)
				EditorAssembliesLoaded (0ms)
			ExecutionOrderSort2 (0ms)
			AwakeInstancesAfterBackupRestoration (6ms)
Platform modules already initialized, skipping
Refreshing native plugins compatible for Editor in 2.21 ms, found 3 plugins.
Preloading 0 native plugins for Editor in 0.00 ms.
Unloading 3357 Unused Serialized files (Serialized files now loaded: 0)
Unloading 20 unused Assets / (80.3 KB). Loaded Objects now: 3914.
Memory consumption went from 120.8 MB to 120.7 MB.
Total: 2.281800 ms (FindLiveObjects: 0.228600 ms CreateObjectMapping: 0.089500 ms MarkObjects: 1.875100 ms  DeleteObjects: 0.087100 ms)

AssetImportParameters requested are different than current active one (requested -> active):
  custom:video-decoder-ogg-theora: a1e56fd34408186e4bbccfd4996cb3dc -> 
  custom:container-muxer-webm: aa71ff27fc2769a1b78a27578f13a17b -> 
  custom:container-demuxer-webm: 4f35f7cbe854078d1ac9338744f61a02 -> 
  custom:video-encoder-webm-vp8: eb34c28f22e8b96e1ab97ce403110664 -> 
  custom:audio-encoder-webm-vorbis: bf7c407c2cedff20999df2af8eb42d56 -> 
  custom:framework-win-MediaFoundation: 216162199b28c13a410421893ffa2e32 -> 
  custom:container-demuxer-ogg: 62fdf1f143b41e24485cea50d1cbac27 -> 
  custom:video-decoder-webm-vp8: 9c59270c3fd7afecdb556c50c9e8de78 -> 
  custom:audio-decoder-ogg-vorbis: bf7c407c2cedff20999df2af8eb42d56 -> 
========================================================================
Received Prepare
Registering precompiled user dll's ...
Registered in 0.012421 seconds.
Begin MonoManager ReloadAssembly
Symbol file LoadedFromMemory doesn't match image C:\Users\kingm\Unity Projects\AnimLab4P1\Library\PackageCache\com.unity.visualscripting@1.7.8\Editor\VisualScripting.Core\Dependencies\YamlDotNet\Unity.VisualScripting.YamlDotNet.dll
Symbol file LoadedFromMemory doesn't match image C:\Users\kingm\Unity Projects\AnimLab4P1\Library\PackageCache\com.unity.visualscripting@1.7.8\Editor\VisualScripting.Core\Dependencies\DotNetZip\Unity.VisualScripting.IonicZip.dll
Native extension for WindowsStandalone target not found
Refreshing native plugins compatible for Editor in 0.73 ms, found 3 plugins.
Preloading 0 native plugins for Editor in 0.00 ms.
Mono: successfully reloaded assembly
- Completed reload, in  0.999 seconds
Domain Reload Profiling:
	ReloadAssembly (999ms)
		BeginReloadAssembly (121ms)
			ExecutionOrderSort (0ms)
			DisableScriptedObjects (6ms)
			BackupInstance (0ms)
			ReleaseScriptingObjects (0ms)
			CreateAndSetChildDomain (35ms)
		EndReloadAssembly (780ms)
			LoadAssemblies (73ms)
			RebuildTransferFunctionScriptingTraits (0ms)
			SetupTypeCache (247ms)
			ReleaseScriptCaches (2ms)
			RebuildScriptCaches (47ms)
			SetupLoadedEditorAssemblies (360ms)
				LogAssemblyErrors (0ms)
				InitializePlatformSupportModulesInManaged (13ms)
				SetLoadedEditorAssemblies (1ms)
				RefreshPlugins (1ms)
				BeforeProcessingInitializeOnLoad (67ms)
				ProcessInitializeOnLoadAttributes (247ms)
				ProcessInitializeOnLoadMethodAttributes (27ms)
				AfterProcessingInitializeOnLoad (5ms)
				EditorAssembliesLoaded (0ms)
			ExecutionOrderSort2 (0ms)
			AwakeInstancesAfterBackupRestoration (7ms)
Platform modules already initialized, skipping
Refreshing native plugins compatible for Editor in 2.20 ms, found 3 plugins.
Preloading 0 native plugins for Editor in 0.00 ms.
Unloading 3357 Unused Serialized files (Serialized files now loaded: 0)
Unloading 20 unused Assets / (80.3 KB). Loaded Objects now: 3917.
Memory consumption went from 120.8 MB to 120.7 MB.
Total: 2.825700 ms (FindLiveObjects: 0.227500 ms CreateObjectMapping: 0.113400 ms MarkObjects: 2.376200 ms  DeleteObjects: 0.107100 ms)

AssetImportParameters requested are different than current active one (requested -> active):
  custom:video-decoder-ogg-theora: a1e56fd34408186e4bbccfd4996cb3dc -> 
  custom:container-muxer-webm: aa71ff27fc2769a1b78a27578f13a17b -> 
  custom:container-demuxer-webm: 4f35f7cbe854078d1ac9338744f61a02 -> 
  custom:video-encoder-webm-vp8: eb34c28f22e8b96e1ab97ce403110664 -> 
  custom:audio-encoder-webm-vorbis: bf7c407c2cedff20999df2af8eb42d56 -> 
  custom:framework-win-MediaFoundation: 216162199b28c13a410421893ffa2e32 -> 
  custom:container-demuxer-ogg: 62fdf1f143b41e24485cea50d1cbac27 -> 
  custom:video-decoder-webm-vp8: 9c59270c3fd7afecdb556c50c9e8de78 -> 
  custom:audio-decoder-ogg-vorbis: bf7c407c2cedff20999df2af8eb42d56 -> 
